[0623/185353.654:ERROR:process_memory_win.cc(73)] ReadMemory at 0x2131f743730 of 72 bytes failed: Only part of a ReadProcessMemory or WriteProcessMemory request was completed. (0x12B)
[0623/185354.641:WARNING:pe_image_annotations_reader.cc(134)] could not read annotations list object in C:\Program Files (x86)\Google\Chrome\Application\83.0.4103.106\chrome_elf.dll
[0623/185354.641:ERROR:process_memory_win.cc(73)] ReadMemory at 0x7ff856f10000 of 64 bytes failed: Only part of a ReadProcessMemory or WriteProcessMemory request was completed. (0x12B)
[0623/185354.641:WARNING:pe_image_reader.cc(340)] could not read dos header from C:\WINDOWS\SYSTEM32\VERSION.dll
[0623/185354.641:ERROR:process_memory_win.cc(73)] ReadMemory at 0x7ff856f10000 of 64 bytes failed: Only part of a ReadProcessMemory or WriteProcessMemory request was completed. (0x12B)
[0623/185354.643:WARNING:pe_image_reader.cc(340)] could not read dos header from C:\WINDOWS\SYSTEM32\VERSION.dll
[0623/185354.643:ERROR:process_memory_win.cc(73)] ReadMemory at 0x7ff861470000 of 64 bytes failed: Only part of a ReadProcessMemory or WriteProcessMemory request was completed. (0x12B)
[0623/185354.643:WARNING:pe_image_reader.cc(340)] could not read dos header from C:\WINDOWS\System32\msvcrt.dll
[0623/185354.643:ERROR:process_memory_win.cc(73)] ReadMemory at 0x7ff861470000 of 64 bytes failed: Only part of a ReadProcessMemory or WriteProcessMemory request was completed. (0x12B)
[0623/185354.643:WARNING:pe_image_reader.cc(340)] could not read dos header from C:\WINDOWS\System32\msvcrt.dll
[0623/185354.643:ERROR:process_memory_win.cc(73)] ReadMemory at 0x7ff85f940000 of 64 bytes failed: Only part of a ReadProcessMemory or WriteProcessMemory request was completed. (0x12B)
[0623/185354.644:WARNING:pe_image_reader.cc(340)] could not read dos header from C:\WINDOWS\System32\bcryptPrimitives.dll
[0623/185354.644:ERROR:process_memory_win.cc(73)] ReadMemory at 0x7ff85f940000 of 64 bytes failed: Only part of a ReadProcessMemory or WriteProcessMemory request was completed. (0x12B)
[0623/185354.644:WARNING:pe_image_reader.cc(340)] could not read dos header from C:\WINDOWS\System32\bcryptPrimitives.dll
[0623/185354.644:ERROR:process_memory_win.cc(73)] ReadMemory at 0x7ff860070000 of 64 bytes failed: Only part of a ReadProcessMemory or WriteProcessMemory request was completed. (0x12B)
[0623/185354.644:WARNING:pe_image_reader.cc(340)] could not read dos header from C:\WINDOWS\System32\ADVAPI32.dll
[0623/185354.644:ERROR:process_memory_win.cc(73)] ReadMemory at 0x7ff860070000 of 64 bytes failed: Only part of a ReadProcessMemory or WriteProcessMemory request was completed. (0x12B)
[0623/185354.644:WARNING:pe_image_reader.cc(340)] could not read dos header from C:\WINDOWS\System32\ADVAPI32.dll
[0623/185354.644:ERROR:process_memory_win.cc(73)] ReadMemory at 0x7ff861c20000 of 64 bytes failed: Only part of a ReadProcessMemory or WriteProcessMemory request was completed. (0x12B)
[0623/185354.644:WARNING:pe_image_reader.cc(340)] could not read dos header from C:\WINDOWS\System32\sechost.dll
[0623/185354.645:ERROR:process_memory_win.cc(73)] ReadMemory at 0x7ff861c20000 of 64 bytes failed: Only part of a ReadProcessMemory or WriteProcessMemory request was completed. (0x12B)
[0623/185354.645:WARNING:pe_image_reader.cc(340)] could not read dos header from C:\WINDOWS\System32\sechost.dll
[0623/185354.645:ERROR:process_memory_win.cc(73)] ReadMemory at 0x7ff861e60000 of 64 bytes failed: Only part of a ReadProcessMemory or WriteProcessMemory request was completed. (0x12B)
[0623/185354.645:WARNING:pe_image_reader.cc(340)] could not read dos header from C:\WINDOWS\System32\RPCRT4.dll
[0623/185354.645:ERROR:process_memory_win.cc(73)] ReadMemory at 0x7ff861e60000 of 64 bytes failed: Only part of a ReadProcessMemory or WriteProcessMemory request was completed. (0x12B)
[0623/185354.645:WARNING:pe_image_reader.cc(340)] could not read dos header from C:\WINDOWS\System32\RPCRT4.dll
[0623/185354.645:ERROR:process_memory_win.cc(73)] ReadMemory at 0x7ffff2d90000 of 64 bytes failed: Only part of a ReadProcessMemory or WriteProcessMemory request was completed. (0x12B)
[0623/185354.645:WARNING:pe_image_reader.cc(340)] could not read dos header from C:\Program Files (x86)\Google\Chrome\Application\83.0.4103.106\chrome.dll
[0623/185354.646:ERROR:process_memory_win.cc(73)] ReadMemory at 0x7ffff2d90000 of 64 bytes failed: Only part of a ReadProcessMemory or WriteProcessMemory request was completed. (0x12B)
[0623/185354.646:WARNING:pe_image_reader.cc(340)] could not read dos header from C:\Program Files (x86)\Google\Chrome\Application\83.0.4103.106\chrome.dll
[0623/185354.646:ERROR:process_memory_win.cc(73)] ReadMemory at 0x7ff861150000 of 64 bytes failed: Only part of a ReadProcessMemory or WriteProcessMemory request was completed. (0x12B)
[0623/185354.646:WARNING:pe_image_reader.cc(340)] could not read dos header from C:\WINDOWS\System32\WS2_32.dll
[0623/185354.646:ERROR:process_memory_win.cc(73)] ReadMemory at 0x7ff861150000 of 64 bytes failed: Only part of a ReadProcessMemory or WriteProcessMemory request was completed. (0x12B)
[0623/185354.646:WARNING:pe_image_reader.cc(340)] could not read dos header from C:\WINDOWS\System32\WS2_32.dll
[0623/185354.646:ERROR:process_memory_win.cc(73)] ReadMemory at 0x7ff860260000 of 64 bytes failed: Only part of a ReadProcessMemory or WriteProcessMemory request was completed. (0x12B)
[0623/185354.646:WARNING:pe_image_reader.cc(340)] could not read dos header from C:\WINDOWS\System32\OLEAUT32.dll
[0623/185354.646:ERROR:process_memory_win.cc(73)] ReadMemory at 0x7ff860260000 of 64 bytes failed: Only part of a ReadProcessMemory or WriteProcessMemory request was completed. (0x12B)
[0623/185354.646:WARNING:pe_image_reader.cc(340)] could not read dos header from C:\WINDOWS\System32\OLEAUT32.dll
[0623/185354.647:ERROR:process_memory_win.cc(73)] ReadMemory at 0x7ff85fa20000 of 64 bytes failed: Only part of a ReadProcessMemory or WriteProcessMemory request was completed. (0x12B)
[0623/185354.647:WARNING:pe_image_reader.cc(340)] could not read dos header from C:\WINDOWS\System32\msvcp_win.dll
[0623/185354.647:ERROR:process_memory_win.cc(73)] ReadMemory at 0x7ff85fa20000 of 64 bytes failed: Only part of a ReadProcessMemory or WriteProcessMemory request was completed. (0x12B)
[0623/185354.647:WARNING:pe_image_reader.cc(340)] could not read dos header from C:\WINDOWS\System32\msvcp_win.dll
[0623/185354.647:ERROR:process_memory_win.cc(73)] ReadMemory at 0x7ff85fda0000 of 64 bytes failed: Only part of a ReadProcessMemory or WriteProcessMemory request was completed. (0x12B)
[0623/185354.647:WARNING:pe_image_reader.cc(340)] could not read dos header from C:\WINDOWS\System32\ucrtbase.dll
[0623/185354.647:ERROR:process_memory_win.cc(73)] ReadMemory at 0x7ff85fda0000 of 64 bytes failed: Only part of a ReadProcessMemory or WriteProcessMemory request was completed. (0x12B)
[0623/185354.647:WARNING:pe_image_reader.cc(340)] could not read dos header from C:\WINDOWS\System32\ucrtbase.dll
[0623/185354.647:ERROR:process_memory_win.cc(73)] ReadMemory at 0x2131fc70000 of 64 bytes failed: Only part of a ReadProcessMemory or WriteProcessMemory request was completed. (0x12B)
[0623/185354.648:WARNING:pe_image_reader.cc(340)] could not read dos header from C:\WINDOWS\System32\combase.dll
[0623/185354.648:ERROR:process_memory_win.cc(73)] ReadMemory at 0x2131fc70000 of 64 bytes failed: Only part of a ReadProcessMemory or WriteProcessMemory request was completed. (0x12B)
[0623/185354.648:WARNING:pe_image_reader.cc(340)] could not read dos header from C:\WINDOWS\System32\combase.dll
[0623/185354.648:ERROR:process_memory_win.cc(73)] ReadMemory at 0x7ff85f9c0000 of 64 bytes failed: Only part of a ReadProcessMemory or WriteProcessMemory request was completed. (0x12B)
[0623/185354.648:WARNING:pe_image_reader.cc(340)] could not read dos header from C:\WINDOWS\System32\WINTRUST.dll
[0623/185354.648:ERROR:process_memory_win.cc(73)] ReadMemory at 0x7ff85f9c0000 of 64 bytes failed: Only part of a ReadProcessMemory or WriteProcessMemory request was completed. (0x12B)
[0623/185354.649:WARNING:pe_image_reader.cc(340)] could not read dos header from C:\WINDOWS\System32\WINTRUST.dll
[0623/185354.649:ERROR:process_memory_win.cc(73)] ReadMemory at 0x7ff85ef30000 of 64 bytes failed: Only part of a ReadProcessMemory or WriteProcessMemory request was completed. (0x12B)
[0623/185354.649:WARNING:pe_image_reader.cc(340)] could not read dos header from C:\WINDOWS\System32\MSASN1.dll
[0623/185354.649:ERROR:process_memory_win.cc(73)] ReadMemory at 0x7ff85ef30000 of 64 bytes failed: Only part of a ReadProcessMemory or WriteProcessMemory request was completed. (0x12B)
[0623/185354.649:WARNING:pe_image_reader.cc(340)] could not read dos header from C:\WINDOWS\System32\MSASN1.dll
[0623/185354.649:ERROR:process_memory_win.cc(73)] ReadMemory at 0x7ff85f6f0000 of 64 bytes failed: Only part of a ReadProcessMemory or WriteProcessMemory request was completed. (0x12B)
[0623/185354.649:WARNING:pe_image_reader.cc(340)] could not read dos header from C:\WINDOWS\System32\CRYPT32.dll
[0623/185354.649:ERROR:process_memory_win.cc(73)] ReadMemory at 0x7ff85f6f0000 of 64 bytes failed: Only part of a ReadProcessMemory or WriteProcessMemory request was completed. (0x12B)
[0623/185354.649:WARNING:pe_image_reader.cc(340)] could not read dos header from C:\WINDOWS\System32\CRYPT32.dll
[0623/185354.649:ERROR:process_memory_win.cc(73)] ReadMemory at 0x7ff85e360000 of 64 bytes failed: Only part of a ReadProcessMemory or WriteProcessMemory request was completed. (0x12B)
[0623/185354.649:WARNING:pe_image_reader.cc(340)] could not read dos header from C:\WINDOWS\SYSTEM32\IPHLPAPI.DLL
[0623/185354.650:ERROR:process_memory_win.cc(73)] ReadMemory at 0x7ff85e360000 of 64 bytes failed: Only part of a ReadProcessMemory or WriteProcessMemory request was completed. (0x12B)
[0623/185354.650:WARNING:pe_image_reader.cc(340)] could not read dos header from C:\WINDOWS\SYSTEM32\IPHLPAPI.DLL
[0623/185354.650:ERROR:process_memory_win.cc(73)] ReadMemory at 0x7ff85c260000 of 64 bytes failed: Only part of a ReadProcessMemory or WriteProcessMemory request was completed. (0x12B)
[0623/185354.650:WARNING:pe_image_reader.cc(340)] could not read dos header from C:\WINDOWS\SYSTEM32\WINMM.dll
[0623/185354.650:ERROR:process_memory_win.cc(73)] ReadMemory at 0x7ff85c260000 of 64 bytes failed: Only part of a ReadProcessMemory or WriteProcessMemory request was completed. (0x12B)
[0623/185354.650:WARNING:pe_image_reader.cc(340)] could not read dos header from C:\WINDOWS\SYSTEM32\WINMM.dll
[0623/185354.650:ERROR:process_memory_win.cc(73)] ReadMemory at 0x7ff8461c0000 of 64 bytes failed: Only part of a ReadProcessMemory or WriteProcessMemory request was completed. (0x12B)
[0623/185354.650:WARNING:pe_image_reader.cc(340)] could not read dos header from C:\WINDOWS\SYSTEM32\Secur32.dll
[0623/185354.650:ERROR:process_memory_win.cc(73)] ReadMemory at 0x7ff8461c0000 of 64 bytes failed: Only part of a ReadProcessMemory or WriteProcessMemory request was completed. (0x12B)
[0623/185354.651:WARNING:pe_image_reader.cc(340)] could not read dos header from C:\WINDOWS\SYSTEM32\Secur32.dll
[0623/185354.651:ERROR:process_memory_win.cc(73)] ReadMemory at 0x7ff85eda0000 of 64 bytes failed: Only part of a ReadProcessMemory or WriteProcessMemory request was completed. (0x12B)
[0623/185354.651:WARNING:pe_image_reader.cc(340)] could not read dos header from C:\WINDOWS\SYSTEM32\USERENV.dll
[0623/185354.651:ERROR:process_memory_win.cc(73)] ReadMemory at 0x7ff85eda0000 of 64 bytes failed: Only part of a ReadProcessMemory or WriteProcessMemory request was completed. (0x12B)
[0623/185354.651:WARNING:pe_image_reader.cc(340)] could not read dos header from C:\WINDOWS\SYSTEM32\USERENV.dll
[0623/185354.651:ERROR:process_memory_win.cc(73)] ReadMemory at 0x7ff85eeb0000 of 64 bytes failed: Only part of a ReadProcessMemory or WriteProcessMemory request was completed. (0x12B)
[0623/185354.651:WARNING:pe_image_reader.cc(340)] could not read dos header from C:\WINDOWS\System32\profapi.dll
[0623/185354.651:ERROR:process_memory_win.cc(73)] ReadMemory at 0x7ff85eeb0000 of 64 bytes failed: Only part of a ReadProcessMemory or WriteProcessMemory request was completed. (0x12B)
[0623/185354.651:WARNING:pe_image_reader.cc(340)] could not read dos header from C:\WINDOWS\System32\profapi.dll
[0623/185354.652:ERROR:process_memory_win.cc(73)] ReadMemory at 0x7ff831ff0000 of 64 bytes failed: Only part of a ReadProcessMemory or WriteProcessMemory request was completed. (0x12B)
[0623/185354.652:WARNING:pe_image_reader.cc(340)] could not read dos header from C:\WINDOWS\SYSTEM32\UIAutomationCore.DLL
[0623/185354.652:ERROR:process_memory_win.cc(73)] ReadMemory at 0x7ff831ff0000 of 64 bytes failed: Only part of a ReadProcessMemory or WriteProcessMemory request was completed. (0x12B)
[0623/185354.652:WARNING:pe_image_reader.cc(340)] could not read dos header from C:\WINDOWS\SYSTEM32\UIAutomationCore.DLL
[0623/185354.652:ERROR:process_memory_win.cc(73)] ReadMemory at 0x7ff84dba0000 of 64 bytes failed: Only part of a ReadProcessMemory or WriteProcessMemory request was completed. (0x12B)
[0623/185354.652:WARNING:pe_image_reader.cc(340)] could not read dos header from C:\WINDOWS\SYSTEM32\DWrite.dll
[0623/185354.652:ERROR:process_memory_win.cc(73)] ReadMemory at 0x7ff84dba0000 of 64 bytes failed: Only part of a ReadProcessMemory or WriteProcessMemory request was completed. (0x12B)
[0623/185354.652:WARNING:pe_image_reader.cc(340)] could not read dos header from C:\WINDOWS\SYSTEM32\DWrite.dll
[0623/185354.652:ERROR:process_memory_win.cc(73)] ReadMemory at 0x7ff8578e0000 of 64 bytes failed: Only part of a ReadProcessMemory or WriteProcessMemory request was completed. (0x12B)
[0623/185354.652:WARNING:pe_image_reader.cc(340)] could not read dos header from C:\WINDOWS\SYSTEM32\WINSPOOL.DRV
[0623/185354.653:ERROR:process_memory_win.cc(73)] ReadMemory at 0x7ff8578e0000 of 64 bytes failed: Only part of a ReadProcessMemory or WriteProcessMemory request was completed. (0x12B)
[0623/185354.653:WARNING:pe_image_reader.cc(340)] could not read dos header from C:\WINDOWS\SYSTEM32\WINSPOOL.DRV
[0623/185354.653:ERROR:process_memory_win.cc(73)] ReadMemory at 0x7ff85ee90000 of 64 bytes failed: Only part of a ReadProcessMemory or WriteProcessMemory request was completed. (0x12B)
[0623/185354.653:WARNING:pe_image_reader.cc(340)] could not read dos header from C:\WINDOWS\System32\kernel.appcore.dll
[0623/185354.653:ERROR:process_memory_win.cc(73)] ReadMemory at 0x7ff85ee90000 of 64 bytes failed: Only part of a ReadProcessMemory or WriteProcessMemory request was completed. (0x12B)
[0623/185354.653:WARNING:pe_image_reader.cc(340)] could not read dos header from C:\WINDOWS\System32\kernel.appcore.dll
[0623/185354.653:ERROR:process_memory_win.cc(73)] ReadMemory at 0x7ff85fac0000 of 64 bytes failed: Only part of a ReadProcessMemory or WriteProcessMemory request was completed. (0x12B)
[0623/185354.653:WARNING:pe_image_reader.cc(340)] could not read dos header from C:\WINDOWS\System32\bcrypt.dll
[0623/185354.654:ERROR:process_memory_win.cc(73)] ReadMemory at 0x7ff85fac0000 of 64 bytes failed: Only part of a ReadProcessMemory or WriteProcessMemory request was completed. (0x12B)
[0623/185354.654:WARNING:pe_image_reader.cc(340)] could not read dos header from C:\WINDOWS\System32\bcrypt.dll
[0623/185354.654:ERROR:process_memory_win.cc(73)] ReadMemory at 0x7ff85d7b0000 of 64 bytes failed: Only part of a ReadProcessMemory or WriteProcessMemory request was completed. (0x12B)
[0623/185354.654:WARNING:pe_image_reader.cc(340)] could not read dos header from C:\WINDOWS\SYSTEM32\dbghelp.dll
[0623/185354.654:ERROR:process_memory_win.cc(73)] ReadMemory at 0x7ff85d7b0000 of 64 bytes failed: Only part of a ReadProcessMemory or WriteProcessMemory request was completed. (0x12B)
[0623/185354.654:WARNING:pe_image_reader.cc(340)] could not read dos header from C:\WINDOWS\SYSTEM32\dbghelp.dll
[0623/185354.654:ERROR:process_memory_win.cc(73)] ReadMemory at 0x7ff8517a0000 of 64 bytes failed: Only part of a ReadProcessMemory or WriteProcessMemory request was completed. (0x12B)
[0623/185354.654:WARNING:pe_image_reader.cc(340)] could not read dos header from C:\WINDOWS\SYSTEM32\WINHTTP.dll
[0623/185354.654:ERROR:process_memory_win.cc(73)] ReadMemory at 0x7ff8517a0000 of 64 bytes failed: Only part of a ReadProcessMemory or WriteProcessMemory request was completed. (0x12B)
[0623/185354.888:WARNING:pe_image_reader.cc(340)] could not read dos header from C:\WINDOWS\SYSTEM32\WINHTTP.dll
[0623/185354.889:ERROR:process_memory_win.cc(73)] ReadMemory at 0x7ff8582a0000 of 64 bytes failed: Only part of a ReadProcessMemory or WriteProcessMemory request was completed. (0x12B)
[0623/185354.889:WARNING:pe_image_reader.cc(340)] could not read dos header from C:\WINDOWS\SYSTEM32\dhcpcsvc.DLL
[0623/185354.889:ERROR:process_memory_win.cc(73)] ReadMemory at 0x7ff8582a0000 of 64 bytes failed: Only part of a ReadProcessMemory or WriteProcessMemory request was completed. (0x12B)
[0623/185354.889:WARNING:pe_image_reader.cc(340)] could not read dos header from C:\WINDOWS\SYSTEM32\dhcpcsvc.DLL
[0623/185354.889:ERROR:process_memory_win.cc(73)] ReadMemory at 0x7ff8604f0000 of 64 bytes failed: Only part of a ReadProcessMemory or WriteProcessMemory request was completed. (0x12B)
[0623/185354.889:WARNING:pe_image_reader.cc(340)] could not read dos header from C:\WINDOWS\System32\NSI.dll
[0623/185354.889:ERROR:process_memory_win.cc(73)] ReadMemory at 0x7ff8604f0000 of 64 bytes failed: Only part of a ReadProcessMemory or WriteProcessMemory request was completed. (0x12B)
[0623/185354.889:WARNING:pe_image_reader.cc(340)] could not read dos header from C:\WINDOWS\System32\NSI.dll
[0623/185354.890:ERROR:process_memory_win.cc(73)] ReadMemory at 0x7ff85bfd0000 of 64 bytes failed: Only part of a ReadProcessMemory or WriteProcessMemory request was completed. (0x12B)
[0623/185354.890:WARNING:pe_image_reader.cc(340)] could not read dos header from C:\WINDOWS\SYSTEM32\WINMMBASE.dll
[0623/185354.890:ERROR:process_memory_win.cc(73)] ReadMemory at 0x7ff85bfd0000 of 64 bytes failed: Only part of a ReadProcessMemory or WriteProcessMemory request was completed. (0x12B)
[0623/185354.890:WARNING:pe_image_reader.cc(340)] could not read dos header from C:\WINDOWS\SYSTEM32\WINMMBASE.dll
[0623/185354.890:ERROR:process_memory_win.cc(73)] ReadMemory at 0x7ff85f840000 of 64 bytes failed: Only part of a ReadProcessMemory or WriteProcessMemory request was completed. (0x12B)
[0623/185354.890:WARNING:pe_image_reader.cc(340)] could not read dos header from C:\WINDOWS\System32\cfgmgr32.dll
[0623/185354.890:ERROR:process_memory_win.cc(73)] ReadMemory at 0x7ff85f840000 of 64 bytes failed: Only part of a ReadProcessMemory or WriteProcessMemory request was completed. (0x12B)
[0623/185354.890:WARNING:pe_image_reader.cc(340)] could not read dos header from C:\WINDOWS\System32\cfgmgr32.dll
[0623/185354.890:ERROR:process_memory_win.cc(73)] ReadMemory at 0x7ff85d540000 of 64 bytes failed: Only part of a ReadProcessMemory or WriteProcessMemory request was completed. (0x12B)
[0623/185354.890:WARNING:pe_image_reader.cc(340)] could not read dos header from C:\WINDOWS\SYSTEM32\PROPSYS.dll
[0623/185354.891:ERROR:process_memory_win.cc(73)] ReadMemory at 0x7ff85d540000 of 64 bytes failed: Only part of a ReadProcessMemory or WriteProcessMemory request was completed. (0x12B)
[0623/185354.891:WARNING:pe_image_reader.cc(340)] could not read dos header from C:\WINDOWS\SYSTEM32\PROPSYS.dll
[0623/185354.891:ERROR:process_memory_win.cc(73)] ReadMemory at 0x7ff8610a0000 of 64 bytes failed: Only part of a ReadProcessMemory or WriteProcessMemory request was completed. (0x12B)
[0623/185354.891:WARNING:pe_image_reader.cc(340)] could not read dos header from C:\WINDOWS\System32\shcore.dll
[0623/185354.891:ERROR:process_memory_win.cc(73)] ReadMemory at 0x7ff8610a0000 of 64 bytes failed: Only part of a ReadProcessMemory or WriteProcessMemory request was completed. (0x12B)
[0623/185354.891:WARNING:pe_image_reader.cc(340)] could not read dos header from C:\WINDOWS\System32\shcore.dll
[0623/185354.891:ERROR:process_memory_win.cc(73)] ReadMemory at 0x7ff85ed70000 of 64 bytes failed: Only part of a ReadProcessMemory or WriteProcessMemory request was completed. (0x12B)
[0623/185354.891:WARNING:pe_image_reader.cc(340)] could not read dos header from C:\WINDOWS\SYSTEM32\SSPICLI.DLL
[0623/185354.891:ERROR:process_memory_win.cc(73)] ReadMemory at 0x7ff85ed70000 of 64 bytes failed: Only part of a ReadProcessMemory or WriteProcessMemory request was completed. (0x12B)
[0623/185354.891:WARNING:pe_image_reader.cc(340)] could not read dos header from C:\WINDOWS\SYSTEM32\SSPICLI.DLL
[0623/185354.892:ERROR:process_memory_win.cc(73)] ReadMemory at 0x7ff85e7c0000 of 64 bytes failed: Only part of a ReadProcessMemory or WriteProcessMemory request was completed. (0x12B)
[0623/185354.892:WARNING:pe_image_reader.cc(340)] could not read dos header from C:\WINDOWS\SYSTEM32\CRYPTBASE.DLL
[0623/185354.892:ERROR:process_memory_win.cc(73)] ReadMemory at 0x7ff85e7c0000 of 64 bytes failed: Only part of a ReadProcessMemory or WriteProcessMemory request was completed. (0x12B)
[0623/185354.892:WARNING:pe_image_reader.cc(340)] could not read dos header from C:\WINDOWS\SYSTEM32\CRYPTBASE.DLL
[0623/185357.414:ERROR:process_memory_win.cc(73)] ReadMemory at 0x7ff7bd070000 of 64 bytes failed: Only part of a ReadProcessMemory or WriteProcessMemory request was completed. (0x12B)
[0623/185357.414:WARNING:pe_image_reader.cc(340)] could not read dos header from C:\Program Files (x86)\Google\Chrome\Application\chrome.exe
[0623/185357.414:ERROR:process_memory_win.cc(73)] ReadMemory at 0x7ff861fc0000 of 64 bytes failed: Only part of a ReadProcessMemory or WriteProcessMemory request was completed. (0x12B)
[0623/185357.414:WARNING:pe_image_reader.cc(340)] could not read dos header from C:\WINDOWS\SYSTEM32\ntdll.dll
[0623/185357.414:ERROR:process_memory_win.cc(73)] ReadMemory at 0x7ff860530000 of 64 bytes failed: Only part of a ReadProcessMemory or WriteProcessMemory request was completed. (0x12B)
[0623/185357.414:WARNING:pe_image_reader.cc(340)] could not read dos header from C:\WINDOWS\System32\KERNEL32.DLL
[0623/185357.414:ERROR:process_memory_win.cc(73)] ReadMemory at 0x7ff85faf0000 of 64 bytes failed: Only part of a ReadProcessMemory or WriteProcessMemory request was completed. (0x12B)
[0623/185357.416:WARNING:pe_image_reader.cc(340)] could not read dos header from C:\WINDOWS\System32\KERNELBASE.dll
[0623/185357.416:ERROR:process_memory_win.cc(73)] ReadMemory at 0x7ff801290000 of 64 bytes failed: Only part of a ReadProcessMemory or WriteProcessMemory request was completed. (0x12B)
[0623/185357.416:WARNING:pe_image_reader.cc(340)] could not read dos header from C:\Program Files (x86)\Google\Chrome\Application\83.0.4103.106\chrome_elf.dll
[0623/185357.416:ERROR:process_memory_win.cc(73)] ReadMemory at 0x7ff856f10000 of 64 bytes failed: Only part of a ReadProcessMemory or WriteProcessMemory request was completed. (0x12B)
[0623/185357.416:WARNING:pe_image_reader.cc(340)] could not read dos header from C:\WINDOWS\SYSTEM32\VERSION.dll
[0623/185357.416:ERROR:process_memory_win.cc(73)] ReadMemory at 0x7ff861470000 of 64 bytes failed: Only part of a ReadProcessMemory or WriteProcessMemory request was completed. (0x12B)
[0623/185357.416:WARNING:pe_image_reader.cc(340)] could not read dos header from C:\WINDOWS\System32\msvcrt.dll
[0623/185357.416:ERROR:process_memory_win.cc(73)] ReadMemory at 0x7ff85f940000 of 64 bytes failed: Only part of a ReadProcessMemory or WriteProcessMemory request was completed. (0x12B)
[0623/185357.416:WARNING:pe_image_reader.cc(340)] could not read dos header from C:\WINDOWS\System32\bcryptPrimitives.dll
[0623/185357.417:ERROR:process_memory_win.cc(73)] ReadMemory at 0x7ff860070000 of 64 bytes failed: Only part of a ReadProcessMemory or WriteProcessMemory request was completed. (0x12B)
[0623/185357.417:WARNING:pe_image_reader.cc(340)] could not read dos header from C:\WINDOWS\System32\ADVAPI32.dll
[0623/185357.417:ERROR:process_memory_win.cc(73)] ReadMemory at 0x7ff861c20000 of 64 bytes failed: Only part of a ReadProcessMemory or WriteProcessMemory request was completed. (0x12B)
[0623/185357.417:WARNING:pe_image_reader.cc(340)] could not read dos header from C:\WINDOWS\System32\sechost.dll
[0623/185357.417:ERROR:process_memory_win.cc(73)] ReadMemory at 0x7ff861e60000 of 64 bytes failed: Only part of a ReadProcessMemory or WriteProcessMemory request was completed. (0x12B)
[0623/185357.417:WARNING:pe_image_reader.cc(340)] could not read dos header from C:\WINDOWS\System32\RPCRT4.dll
[0623/185357.417:ERROR:process_memory_win.cc(73)] ReadMemory at 0x7ffff2d90000 of 64 bytes failed: Only part of a ReadProcessMemory or WriteProcessMemory request was completed. (0x12B)
[0623/185357.417:WARNING:pe_image_reader.cc(340)] could not read dos header from C:\Program Files (x86)\Google\Chrome\Application\83.0.4103.106\chrome.dll
[0623/185357.417:ERROR:process_memory_win.cc(73)] ReadMemory at 0x7ff861150000 of 64 bytes failed: Only part of a ReadProcessMemory or WriteProcessMemory request was completed. (0x12B)
[0623/185357.417:WARNING:pe_image_reader.cc(340)] could not read dos header from C:\WINDOWS\System32\WS2_32.dll
[0623/185357.418:ERROR:process_memory_win.cc(73)] ReadMemory at 0x7ff860260000 of 64 bytes failed: Only part of a ReadProcessMemory or WriteProcessMemory request was completed. (0x12B)
[0623/185357.418:WARNING:pe_image_reader.cc(340)] could not read dos header from C:\WINDOWS\System32\OLEAUT32.dll
[0623/185357.418:ERROR:process_memory_win.cc(73)] ReadMemory at 0x7ff85fa20000 of 64 bytes failed: Only part of a ReadProcessMemory or WriteProcessMemory request was completed. (0x12B)
[0623/185357.418:WARNING:pe_image_reader.cc(340)] could not read dos header from C:\WINDOWS\System32\msvcp_win.dll
[0623/185357.418:ERROR:process_memory_win.cc(73)] ReadMemory at 0x7ff85fda0000 of 64 bytes failed: Only part of a ReadProcessMemory or WriteProcessMemory request was completed. (0x12B)
[0623/185357.418:WARNING:pe_image_reader.cc(340)] could not read dos header from C:\WINDOWS\System32\ucrtbase.dll
[0623/185357.418:ERROR:process_memory_win.cc(73)] ReadMemory at 0x2131fc70000 of 64 bytes failed: Only part of a ReadProcessMemory or WriteProcessMemory request was completed. (0x12B)
[0623/185357.418:WARNING:pe_image_reader.cc(340)] could not read dos header from C:\WINDOWS\System32\combase.dll
[0623/185357.418:ERROR:process_memory_win.cc(73)] ReadMemory at 0x7ff85f9c0000 of 64 bytes failed: Only part of a ReadProcessMemory or WriteProcessMemory request was completed. (0x12B)
[0623/185357.418:WARNING:pe_image_reader.cc(340)] could not read dos header from C:\WINDOWS\System32\WINTRUST.dll
[0623/185357.419:ERROR:process_memory_win.cc(73)] ReadMemory at 0x7ff85ef30000 of 64 bytes failed: Only part of a ReadProcessMemory or WriteProcessMemory request was completed. (0x12B)
[0623/185357.419:WARNING:pe_image_reader.cc(340)] could not read dos header from C:\WINDOWS\System32\MSASN1.dll
[0623/185357.419:ERROR:process_memory_win.cc(73)] ReadMemory at 0x7ff85f6f0000 of 64 bytes failed: Only part of a ReadProcessMemory or WriteProcessMemory request was completed. (0x12B)
[0623/185357.419:WARNING:pe_image_reader.cc(340)] could not read dos header from C:\WINDOWS\System32\CRYPT32.dll
[0623/185357.419:ERROR:process_memory_win.cc(73)] ReadMemory at 0x7ff85e360000 of 64 bytes failed: Only part of a ReadProcessMemory or WriteProcessMemory request was completed. (0x12B)
[0623/185357.419:WARNING:pe_image_reader.cc(340)] could not read dos header from C:\WINDOWS\SYSTEM32\IPHLPAPI.DLL
[0623/185357.419:ERROR:process_memory_win.cc(73)] ReadMemory at 0x7ff85c260000 of 64 bytes failed: Only part of a ReadProcessMemory or WriteProcessMemory request was completed. (0x12B)
[0623/185357.419:WARNING:pe_image_reader.cc(340)] could not read dos header from C:\WINDOWS\SYSTEM32\WINMM.dll
[0623/185357.419:ERROR:process_memory_win.cc(73)] ReadMemory at 0x7ff8461c0000 of 64 bytes failed: Only part of a ReadProcessMemory or WriteProcessMemory request was completed. (0x12B)
[0623/185357.419:WARNING:pe_image_reader.cc(340)] could not read dos header from C:\WINDOWS\SYSTEM32\Secur32.dll
[0623/185357.419:ERROR:process_memory_win.cc(73)] ReadMemory at 0x7ff85eda0000 of 64 bytes failed: Only part of a ReadProcessMemory or WriteProcessMemory request was completed. (0x12B)
[0623/185357.419:WARNING:pe_image_reader.cc(340)] could not read dos header from C:\WINDOWS\SYSTEM32\USERENV.dll
[0623/185357.419:ERROR:process_memory_win.cc(73)] ReadMemory at 0x7ff85eeb0000 of 64 bytes failed: Only part of a ReadProcessMemory or WriteProcessMemory request was completed. (0x12B)
[0623/185357.419:WARNING:pe_image_reader.cc(340)] could not read dos header from C:\WINDOWS\System32\profapi.dll
[0623/185357.419:ERROR:process_memory_win.cc(73)] ReadMemory at 0x7ff831ff0000 of 64 bytes failed: Only part of a ReadProcessMemory or WriteProcessMemory request was completed. (0x12B)
[0623/185357.419:WARNING:pe_image_reader.cc(340)] could not read dos header from C:\WINDOWS\SYSTEM32\UIAutomationCore.DLL
[0623/185357.419:ERROR:process_memory_win.cc(73)] ReadMemory at 0x7ff84dba0000 of 64 bytes failed: Only part of a ReadProcessMemory or WriteProcessMemory request was completed. (0x12B)
[0623/185357.419:WARNING:pe_image_reader.cc(340)] could not read dos header from C:\WINDOWS\SYSTEM32\DWrite.dll
[0623/185357.419:ERROR:process_memory_win.cc(73)] ReadMemory at 0x7ff8578e0000 of 64 bytes failed: Only part of a ReadProcessMemory or WriteProcessMemory request was completed. (0x12B)
[0623/185357.419:WARNING:pe_image_reader.cc(340)] could not read dos header from C:\WINDOWS\SYSTEM32\WINSPOOL.DRV
[0623/185357.421:ERROR:process_memory_win.cc(73)] ReadMemory at 0x7ff85ee90000 of 64 bytes failed: Only part of a ReadProcessMemory or WriteProcessMemory request was completed. (0x12B)
[0623/185357.421:WARNING:pe_image_reader.cc(340)] could not read dos header from C:\WINDOWS\System32\kernel.appcore.dll
[0623/185357.421:ERROR:process_memory_win.cc(73)] ReadMemory at 0x7ff85fac0000 of 64 bytes failed: Only part of a ReadProcessMemory or WriteProcessMemory request was completed. (0x12B)
[0623/185357.421:WARNING:pe_image_reader.cc(340)] could not read dos header from C:\WINDOWS\System32\bcrypt.dll
[0623/185357.421:ERROR:process_memory_win.cc(73)] ReadMemory at 0x7ff85d7b0000 of 64 bytes failed: Only part of a ReadProcessMemory or WriteProcessMemory request was completed. (0x12B)
[0623/185357.421:WARNING:pe_image_reader.cc(340)] could not read dos header from C:\WINDOWS\SYSTEM32\dbghelp.dll
[0623/185357.421:ERROR:process_memory_win.cc(73)] ReadMemory at 0x7ff8517a0000 of 64 bytes failed: Only part of a ReadProcessMemory or WriteProcessMemory request was completed. (0x12B)
[0623/185357.421:WARNING:pe_image_reader.cc(340)] could not read dos header from C:\WINDOWS\SYSTEM32\WINHTTP.dll
[0623/185357.421:ERROR:process_memory_win.cc(73)] ReadMemory at 0x7ff8582a0000 of 64 bytes failed: Only part of a ReadProcessMemory or WriteProcessMemory request was completed. (0x12B)
[0623/185357.422:WARNING:pe_image_reader.cc(340)] could not read dos header from C:\WINDOWS\SYSTEM32\dhcpcsvc.DLL
[0623/185357.422:ERROR:process_memory_win.cc(73)] ReadMemory at 0x7ff8604f0000 of 64 bytes failed: Only part of a ReadProcessMemory or WriteProcessMemory request was completed. (0x12B)
[0623/185357.422:WARNING:pe_image_reader.cc(340)] could not read dos header from C:\WINDOWS\System32\NSI.dll
[0623/185357.422:ERROR:process_memory_win.cc(73)] ReadMemory at 0x7ff85bfd0000 of 64 bytes failed: Only part of a ReadProcessMemory or WriteProcessMemory request was completed. (0x12B)
[0623/185357.422:WARNING:pe_image_reader.cc(340)] could not read dos header from C:\WINDOWS\SYSTEM32\WINMMBASE.dll
[0623/185357.422:ERROR:process_memory_win.cc(73)] ReadMemory at 0x7ff85f840000 of 64 bytes failed: Only part of a ReadProcessMemory or WriteProcessMemory request was completed. (0x12B)
[0623/185357.422:WARNING:pe_image_reader.cc(340)] could not read dos header from C:\WINDOWS\System32\cfgmgr32.dll
[0623/185357.422:ERROR:process_memory_win.cc(73)] ReadMemory at 0x7ff85d540000 of 64 bytes failed: Only part of a ReadProcessMemory or WriteProcessMemory request was completed. (0x12B)
[0623/185357.422:WARNING:pe_image_reader.cc(340)] could not read dos header from C:\WINDOWS\SYSTEM32\PROPSYS.dll
[0623/185357.422:ERROR:process_memory_win.cc(73)] ReadMemory at 0x7ff8610a0000 of 64 bytes failed: Only part of a ReadProcessMemory or WriteProcessMemory request was completed. (0x12B)
[0623/185357.423:WARNING:pe_image_reader.cc(340)] could not read dos header from C:\WINDOWS\System32\shcore.dll
[0623/185357.423:ERROR:process_memory_win.cc(73)] ReadMemory at 0x7ff85ed70000 of 64 bytes failed: Only part of a ReadProcessMemory or WriteProcessMemory request was completed. (0x12B)
[0623/185357.423:WARNING:pe_image_reader.cc(340)] could not read dos header from C:\WINDOWS\SYSTEM32\SSPICLI.DLL
[0623/185357.423:ERROR:process_memory_win.cc(73)] ReadMemory at 0x7ff85e7c0000 of 64 bytes failed: Only part of a ReadProcessMemory or WriteProcessMemory request was completed. (0x12B)
[0623/185357.423:WARNING:pe_image_reader.cc(340)] could not read dos header from C:\WINDOWS\SYSTEM32\CRYPTBASE.DLL
[0623/185357.431:ERROR:process_memory_win.cc(73)] ReadMemory at 0x7ff7bd070000 of 64 bytes failed: Only part of a ReadProcessMemory or WriteProcessMemory request was completed. (0x12B)
[0623/185357.431:WARNING:pe_image_reader.cc(340)] could not read dos header from C:\Program Files (x86)\Google\Chrome\Application\chrome.exe
[0623/185357.431:ERROR:process_memory_win.cc(73)] ReadMemory at 0x7ff861fc0000 of 64 bytes failed: Only part of a ReadProcessMemory or WriteProcessMemory request was completed. (0x12B)
[0623/185357.431:WARNING:pe_image_reader.cc(340)] could not read dos header from C:\WINDOWS\SYSTEM32\ntdll.dll
[0623/185357.431:ERROR:process_memory_win.cc(73)] ReadMemory at 0x7ff860530000 of 64 bytes failed: Only part of a ReadProcessMemory or WriteProcessMemory request was completed. (0x12B)
[0623/185357.431:WARNING:pe_image_reader.cc(340)] could not read dos header from C:\WINDOWS\System32\KERNEL32.DLL
[0623/185357.431:ERROR:process_memory_win.cc(73)] ReadMemory at 0x7ff85faf0000 of 64 bytes failed: Only part of a ReadProcessMemory or WriteProcessMemory request was completed. (0x12B)
[0623/185357.431:WARNING:pe_image_reader.cc(340)] could not read dos header from C:\WINDOWS\System32\KERNELBASE.dll
[0623/185357.431:ERROR:process_memory_win.cc(73)] ReadMemory at 0x7ff801290000 of 64 bytes failed: Only part of a ReadProcessMemory or WriteProcessMemory request was completed. (0x12B)
[0623/185357.431:WARNING:pe_image_reader.cc(340)] could not read dos header from C:\Program Files (x86)\Google\Chrome\Application\83.0.4103.106\chrome_elf.dll
[0623/185357.432:ERROR:process_memory_win.cc(73)] ReadMemory at 0x7ff856f10000 of 64 bytes failed: Only part of a ReadProcessMemory or WriteProcessMemory request was completed. (0x12B)
[0623/185357.432:WARNING:pe_image_reader.cc(340)] could not read dos header from C:\WINDOWS\SYSTEM32\VERSION.dll
[0623/185357.432:ERROR:process_memory_win.cc(73)] ReadMemory at 0x7ff861470000 of 64 bytes failed: Only part of a ReadProcessMemory or WriteProcessMemory request was completed. (0x12B)
[0623/185357.432:WARNING:pe_image_reader.cc(340)] could not read dos header from C:\WINDOWS\System32\msvcrt.dll
[0623/185357.432:ERROR:process_memory_win.cc(73)] ReadMemory at 0x7ff85f940000 of 64 bytes failed: Only part of a ReadProcessMemory or WriteProcessMemory request was completed. (0x12B)
[0623/185357.432:WARNING:pe_image_reader.cc(340)] could not read dos header from C:\WINDOWS\System32\bcryptPrimitives.dll
[0623/185357.432:ERROR:process_memory_win.cc(73)] ReadMemory at 0x7ff860070000 of 64 bytes failed: Only part of a ReadProcessMemory or WriteProcessMemory request was completed. (0x12B)
[0623/185357.432:WARNING:pe_image_reader.cc(340)] could not read dos header from C:\WINDOWS\System32\ADVAPI32.dll
[0623/185357.432:ERROR:process_memory_win.cc(73)] ReadMemory at 0x7ff861c20000 of 64 bytes failed: Only part of a ReadProcessMemory or WriteProcessMemory request was completed. (0x12B)
[0623/185357.432:WARNING:pe_image_reader.cc(340)] could not read dos header from C:\WINDOWS\System32\sechost.dll
[0623/185357.433:ERROR:process_memory_win.cc(73)] ReadMemory at 0x7ff861e60000 of 64 bytes failed: Only part of a ReadProcessMemory or WriteProcessMemory request was completed. (0x12B)
[0623/185357.433:WARNING:pe_image_reader.cc(340)] could not read dos header from C:\WINDOWS\System32\RPCRT4.dll
[0623/185357.433:ERROR:process_memory_win.cc(73)] ReadMemory at 0x7ffff2d90000 of 64 bytes failed: Only part of a ReadProcessMemory or WriteProcessMemory request was completed. (0x12B)
[0623/185357.433:WARNING:pe_image_reader.cc(340)] could not read dos header from C:\Program Files (x86)\Google\Chrome\Application\83.0.4103.106\chrome.dll
[0623/185357.433:ERROR:process_memory_win.cc(73)] ReadMemory at 0x7ff861150000 of 64 bytes failed: Only part of a ReadProcessMemory or WriteProcessMemory request was completed. (0x12B)
[0623/185357.433:WARNING:pe_image_reader.cc(340)] could not read dos header from C:\WINDOWS\System32\WS2_32.dll
[0623/185357.433:ERROR:process_memory_win.cc(73)] ReadMemory at 0x7ff860260000 of 64 bytes failed: Only part of a ReadProcessMemory or WriteProcessMemory request was completed. (0x12B)
[0623/185357.433:WARNING:pe_image_reader.cc(340)] could not read dos header from C:\WINDOWS\System32\OLEAUT32.dll
[0623/185357.433:ERROR:process_memory_win.cc(73)] ReadMemory at 0x7ff85fa20000 of 64 bytes failed: Only part of a ReadProcessMemory or WriteProcessMemory request was completed. (0x12B)
[0623/185357.433:WARNING:pe_image_reader.cc(340)] could not read dos header from C:\WINDOWS\System32\msvcp_win.dll
[0623/185357.433:ERROR:process_memory_win.cc(73)] ReadMemory at 0x7ff85fda0000 of 64 bytes failed: Only part of a ReadProcessMemory or WriteProcessMemory request was completed. (0x12B)
[0623/185357.433:WARNING:pe_image_reader.cc(340)] could not read dos header from C:\WINDOWS\System32\ucrtbase.dll
[0623/185357.433:ERROR:process_memory_win.cc(73)] ReadMemory at 0x2131fc70000 of 64 bytes failed: Only part of a ReadProcessMemory or WriteProcessMemory request was completed. (0x12B)
[0623/185357.433:WARNING:pe_image_reader.cc(340)] could not read dos header from C:\WINDOWS\System32\combase.dll
[0623/185357.433:ERROR:process_memory_win.cc(73)] ReadMemory at 0x7ff85f9c0000 of 64 bytes failed: Only part of a ReadProcessMemory or WriteProcessMemory request was completed. (0x12B)
[0623/185357.433:WARNING:pe_image_reader.cc(340)] could not read dos header from C:\WINDOWS\System32\WINTRUST.dll
[0623/185357.433:ERROR:process_memory_win.cc(73)] ReadMemory at 0x7ff85ef30000 of 64 bytes failed: Only part of a ReadProcessMemory or WriteProcessMemory request was completed. (0x12B)
[0623/185357.433:WARNING:pe_image_reader.cc(340)] could not read dos header from C:\WINDOWS\System32\MSASN1.dll
[0623/185357.433:ERROR:process_memory_win.cc(73)] ReadMemory at 0x7ff85f6f0000 of 64 bytes failed: Only part of a ReadProcessMemory or WriteProcessMemory request was completed. (0x12B)
[0623/185357.435:WARNING:pe_image_reader.cc(340)] could not read dos header from C:\WINDOWS\System32\CRYPT32.dll
[0623/185357.435:ERROR:process_memory_win.cc(73)] ReadMemory at 0x7ff85e360000 of 64 bytes failed: Only part of a ReadProcessMemory or WriteProcessMemory request was completed. (0x12B)
[0623/185357.435:WARNING:pe_image_reader.cc(340)] could not read dos header from C:\WINDOWS\SYSTEM32\IPHLPAPI.DLL
[0623/185357.435:ERROR:process_memory_win.cc(73)] ReadMemory at 0x7ff85c260000 of 64 bytes failed: Only part of a ReadProcessMemory or WriteProcessMemory request was completed. (0x12B)
[0623/185357.435:WARNING:pe_image_reader.cc(340)] could not read dos header from C:\WINDOWS\SYSTEM32\WINMM.dll
[0623/185357.435:ERROR:process_memory_win.cc(73)] ReadMemory at 0x7ff8461c0000 of 64 bytes failed: Only part of a ReadProcessMemory or WriteProcessMemory request was completed. (0x12B)
[0623/185357.435:WARNING:pe_image_reader.cc(340)] could not read dos header from C:\WINDOWS\SYSTEM32\Secur32.dll
[0623/185357.435:ERROR:process_memory_win.cc(73)] ReadMemory at 0x7ff85eda0000 of 64 bytes failed: Only part of a ReadProcessMemory or WriteProcessMemory request was completed. (0x12B)
[0623/185357.435:WARNING:pe_image_reader.cc(340)] could not read dos header from C:\WINDOWS\SYSTEM32\USERENV.dll
[0623/185357.435:ERROR:process_memory_win.cc(73)] ReadMemory at 0x7ff85eeb0000 of 64 bytes failed: Only part of a ReadProcessMemory or WriteProcessMemory request was completed. (0x12B)
[0623/185357.436:WARNING:pe_image_reader.cc(340)] could not read dos header from C:\WINDOWS\System32\profapi.dll
[0623/185357.436:ERROR:process_memory_win.cc(73)] ReadMemory at 0x7ff831ff0000 of 64 bytes failed: Only part of a ReadProcessMemory or WriteProcessMemory request was completed. (0x12B)
[0623/185357.436:WARNING:pe_image_reader.cc(340)] could not read dos header from C:\WINDOWS\SYSTEM32\UIAutomationCore.DLL
[0623/185357.436:ERROR:process_memory_win.cc(73)] ReadMemory at 0x7ff84dba0000 of 64 bytes failed: Only part of a ReadProcessMemory or WriteProcessMemory request was completed. (0x12B)
[0623/185357.436:WARNING:pe_image_reader.cc(340)] could not read dos header from C:\WINDOWS\SYSTEM32\DWrite.dll
[0623/185357.436:ERROR:process_memory_win.cc(73)] ReadMemory at 0x7ff8578e0000 of 64 bytes failed: Only part of a ReadProcessMemory or WriteProcessMemory request was completed. (0x12B)
[0623/185357.436:WARNING:pe_image_reader.cc(340)] could not read dos header from C:\WINDOWS\SYSTEM32\WINSPOOL.DRV
[0623/185357.436:ERROR:process_memory_win.cc(73)] ReadMemory at 0x7ff85ee90000 of 64 bytes failed: Only part of a ReadProcessMemory or WriteProcessMemory request was completed. (0x12B)
[0623/185357.436:WARNING:pe_image_reader.cc(340)] could not read dos header from C:\WINDOWS\System32\kernel.appcore.dll
[0623/185357.437:ERROR:process_memory_win.cc(73)] ReadMemory at 0x7ff85fac0000 of 64 bytes failed: Only part of a ReadProcessMemory or WriteProcessMemory request was completed. (0x12B)
[0623/185357.437:WARNING:pe_image_reader.cc(340)] could not read dos header from C:\WINDOWS\System32\bcrypt.dll
[0623/185357.437:ERROR:process_memory_win.cc(73)] ReadMemory at 0x7ff85d7b0000 of 64 bytes failed: Only part of a ReadProcessMemory or WriteProcessMemory request was completed. (0x12B)
[0623/185357.437:WARNING:pe_image_reader.cc(340)] could not read dos header from C:\WINDOWS\SYSTEM32\dbghelp.dll
[0623/185357.437:ERROR:process_memory_win.cc(73)] ReadMemory at 0x7ff8517a0000 of 64 bytes failed: Only part of a ReadProcessMemory or WriteProcessMemory request was completed. (0x12B)
[0623/185357.437:WARNING:pe_image_reader.cc(340)] could not read dos header from C:\WINDOWS\SYSTEM32\WINHTTP.dll
[0623/185357.437:ERROR:process_memory_win.cc(73)] ReadMemory at 0x7ff8582a0000 of 64 bytes failed: Only part of a ReadProcessMemory or WriteProcessMemory request was completed. (0x12B)
[0623/185357.437:WARNING:pe_image_reader.cc(340)] could not read dos header from C:\WINDOWS\SYSTEM32\dhcpcsvc.DLL
[0623/185357.437:ERROR:process_memory_win.cc(73)] ReadMemory at 0x7ff8604f0000 of 64 bytes failed: Only part of a ReadProcessMemory or WriteProcessMemory request was completed. (0x12B)
[0623/185357.437:WARNING:pe_image_reader.cc(340)] could not read dos header from C:\WINDOWS\System32\NSI.dll
[0623/185357.438:ERROR:process_memory_win.cc(73)] ReadMemory at 0x7ff85bfd0000 of 64 bytes failed: Only part of a ReadProcessMemory or WriteProcessMemory request was completed. (0x12B)
[0623/185357.438:WARNING:pe_image_reader.cc(340)] could not read dos header from C:\WINDOWS\SYSTEM32\WINMMBASE.dll
[0623/185357.438:ERROR:process_memory_win.cc(73)] ReadMemory at 0x7ff85f840000 of 64 bytes failed: Only part of a ReadProcessMemory or WriteProcessMemory request was completed. (0x12B)
[0623/185357.438:WARNING:pe_image_reader.cc(340)] could not read dos header from C:\WINDOWS\System32\cfgmgr32.dll
[0623/185357.438:ERROR:process_memory_win.cc(73)] ReadMemory at 0x7ff85d540000 of 64 bytes failed: Only part of a ReadProcessMemory or WriteProcessMemory request was completed. (0x12B)
[0623/185357.438:WARNING:pe_image_reader.cc(340)] could not read dos header from C:\WINDOWS\SYSTEM32\PROPSYS.dll
[0623/185357.438:ERROR:process_memory_win.cc(73)] ReadMemory at 0x7ff8610a0000 of 64 bytes failed: Only part of a ReadProcessMemory or WriteProcessMemory request was completed. (0x12B)
[0623/185357.438:WARNING:pe_image_reader.cc(340)] could not read dos header from C:\WINDOWS\System32\shcore.dll
[0623/185357.438:ERROR:process_memory_win.cc(73)] ReadMemory at 0x7ff85ed70000 of 64 bytes failed: Only part of a ReadProcessMemory or WriteProcessMemory request was completed. (0x12B)
[0623/185357.438:WARNING:pe_image_reader.cc(340)] could not read dos header from C:\WINDOWS\SYSTEM32\SSPICLI.DLL
[0623/185357.439:ERROR:process_memory_win.cc(73)] ReadMemory at 0x7ff85e7c0000 of 64 bytes failed: Only part of a ReadProcessMemory or WriteProcessMemory request was completed. (0x12B)
[0623/185357.439:WARNING:pe_image_reader.cc(340)] could not read dos header from C:\WINDOWS\SYSTEM32\CRYPTBASE.DLL
[0623/185357.439:ERROR:process_memory_win.cc(73)] ReadMemory at 0x7ff7bd070000 of 64 bytes failed: Only part of a ReadProcessMemory or WriteProcessMemory request was completed. (0x12B)
[0623/185357.439:WARNING:pe_image_reader.cc(340)] could not read dos header from C:\Program Files (x86)\Google\Chrome\Application\chrome.exe
[0623/185357.439:ERROR:process_memory_win.cc(73)] ReadMemory at 0x7ff861fc0000 of 64 bytes failed: Only part of a ReadProcessMemory or WriteProcessMemory request was completed. (0x12B)
[0623/185357.439:WARNING:pe_image_reader.cc(340)] could not read dos header from C:\WINDOWS\SYSTEM32\ntdll.dll
[0623/185357.439:ERROR:process_memory_win.cc(73)] ReadMemory at 0x7ff860530000 of 64 bytes failed: Only part of a ReadProcessMemory or WriteProcessMemory request was completed. (0x12B)
[0623/185357.439:WARNING:pe_image_reader.cc(340)] could not read dos header from C:\WINDOWS\System32\KERNEL32.DLL
[0623/185357.439:ERROR:process_memory_win.cc(73)] ReadMemory at 0x7ff85faf0000 of 64 bytes failed: Only part of a ReadProcessMemory or WriteProcessMemory request was completed. (0x12B)
[0623/185357.439:WARNING:pe_image_reader.cc(340)] could not read dos header from C:\WINDOWS\System32\KERNELBASE.dll
[0623/185357.440:ERROR:process_memory_win.cc(73)] ReadMemory at 0x7ff801290000 of 64 bytes failed: Only part of a ReadProcessMemory or WriteProcessMemory request was completed. (0x12B)
[0623/185357.440:WARNING:pe_image_reader.cc(340)] could not read dos header from C:\Program Files (x86)\Google\Chrome\Application\83.0.4103.106\chrome_elf.dll
[0623/185357.440:ERROR:process_memory_win.cc(73)] ReadMemory at 0x7ff856f10000 of 64 bytes failed: Only part of a ReadProcessMemory or WriteProcessMemory request was completed. (0x12B)
[0623/185357.440:WARNING:pe_image_reader.cc(340)] could not read dos header from C:\WINDOWS\SYSTEM32\VERSION.dll
[0623/185357.440:ERROR:process_memory_win.cc(73)] ReadMemory at 0x7ff861470000 of 64 bytes failed: Only part of a ReadProcessMemory or WriteProcessMemory request was completed. (0x12B)
[0623/185357.440:WARNING:pe_image_reader.cc(340)] could not read dos header from C:\WINDOWS\System32\msvcrt.dll
[0623/185357.440:ERROR:process_memory_win.cc(73)] ReadMemory at 0x7ff85f940000 of 64 bytes failed: Only part of a ReadProcessMemory or WriteProcessMemory request was completed. (0x12B)
[0623/185357.440:WARNING:pe_image_reader.cc(340)] could not read dos header from C:\WINDOWS\System32\bcryptPrimitives.dll
[0623/185357.440:ERROR:process_memory_win.cc(73)] ReadMemory at 0x7ff860070000 of 64 bytes failed: Only part of a ReadProcessMemory or WriteProcessMemory request was completed. (0x12B)
[0623/185357.440:WARNING:pe_image_reader.cc(340)] could not read dos header from C:\WINDOWS\System32\ADVAPI32.dll
[0623/185357.441:ERROR:process_memory_win.cc(73)] ReadMemory at 0x7ff861c20000 of 64 bytes failed: Only part of a ReadProcessMemory or WriteProcessMemory request was completed. (0x12B)
[0623/185357.441:WARNING:pe_image_reader.cc(340)] could not read dos header from C:\WINDOWS\System32\sechost.dll
[0623/185357.441:ERROR:process_memory_win.cc(73)] ReadMemory at 0x7ff861e60000 of 64 bytes failed: Only part of a ReadProcessMemory or WriteProcessMemory request was completed. (0x12B)
[0623/185357.441:WARNING:pe_image_reader.cc(340)] could not read dos header from C:\WINDOWS\System32\RPCRT4.dll
[0623/185357.441:ERROR:process_memory_win.cc(73)] ReadMemory at 0x7ffff2d90000 of 64 bytes failed: Only part of a ReadProcessMemory or WriteProcessMemory request was completed. (0x12B)
[0623/185357.441:WARNING:pe_image_reader.cc(340)] could not read dos header from C:\Program Files (x86)\Google\Chrome\Application\83.0.4103.106\chrome.dll
[0623/185357.441:ERROR:process_memory_win.cc(73)] ReadMemory at 0x7ff861150000 of 64 bytes failed: Only part of a ReadProcessMemory or WriteProcessMemory request was completed. (0x12B)
[0623/185357.441:WARNING:pe_image_reader.cc(340)] could not read dos header from C:\WINDOWS\System32\WS2_32.dll
[0623/185357.441:ERROR:process_memory_win.cc(73)] ReadMemory at 0x7ff860260000 of 64 bytes failed: Only part of a ReadProcessMemory or WriteProcessMemory request was completed. (0x12B)
[0623/185357.441:WARNING:pe_image_reader.cc(340)] could not read dos header from C:\WINDOWS\System32\OLEAUT32.dll
[0623/185357.442:ERROR:process_memory_win.cc(73)] ReadMemory at 0x7ff85fa20000 of 64 bytes failed: Only part of a ReadProcessMemory or WriteProcessMemory request was completed. (0x12B)
[0623/185357.442:WARNING:pe_image_reader.cc(340)] could not read dos header from C:\WINDOWS\System32\msvcp_win.dll
[0623/185357.442:ERROR:process_memory_win.cc(73)] ReadMemory at 0x7ff85fda0000 of 64 bytes failed: Only part of a ReadProcessMemory or WriteProcessMemory request was completed. (0x12B)
[0623/185357.442:WARNING:pe_image_reader.cc(340)] could not read dos header from C:\WINDOWS\System32\ucrtbase.dll
[0623/185357.442:ERROR:process_memory_win.cc(73)] ReadMemory at 0x2131fc70000 of 64 bytes failed: Only part of a ReadProcessMemory or WriteProcessMemory request was completed. (0x12B)
[0623/185357.442:WARNING:pe_image_reader.cc(340)] could not read dos header from C:\WINDOWS\System32\combase.dll
[0623/185357.442:ERROR:process_memory_win.cc(73)] ReadMemory at 0x7ff85f9c0000 of 64 bytes failed: Only part of a ReadProcessMemory or WriteProcessMemory request was completed. (0x12B)
[0623/185357.442:WARNING:pe_image_reader.cc(340)] could not read dos header from C:\WINDOWS\System32\WINTRUST.dll
[0623/185357.442:ERROR:process_memory_win.cc(73)] ReadMemory at 0x7ff85ef30000 of 64 bytes failed: Only part of a ReadProcessMemory or WriteProcessMemory request was completed. (0x12B)
[0623/185357.442:WARNING:pe_image_reader.cc(340)] could not read dos header from C:\WINDOWS\System32\MSASN1.dll
[0623/185357.443:ERROR:process_memory_win.cc(73)] ReadMemory at 0x7ff85f6f0000 of 64 bytes failed: Only part of a ReadProcessMemory or WriteProcessMemory request was completed. (0x12B)
[0623/185357.443:WARNING:pe_image_reader.cc(340)] could not read dos header from C:\WINDOWS\System32\CRYPT32.dll
[0623/185357.443:ERROR:process_memory_win.cc(73)] ReadMemory at 0x7ff85e360000 of 64 bytes failed: Only part of a ReadProcessMemory or WriteProcessMemory request was completed. (0x12B)
[0623/185357.443:WARNING:pe_image_reader.cc(340)] could not read dos header from C:\WINDOWS\SYSTEM32\IPHLPAPI.DLL
[0623/185357.443:ERROR:process_memory_win.cc(73)] ReadMemory at 0x7ff85c260000 of 64 bytes failed: Only part of a ReadProcessMemory or WriteProcessMemory request was completed. (0x12B)
[0623/185357.443:WARNING:pe_image_reader.cc(340)] could not read dos header from C:\WINDOWS\SYSTEM32\WINMM.dll
[0623/185357.443:ERROR:process_memory_win.cc(73)] ReadMemory at 0x7ff8461c0000 of 64 bytes failed: Only part of a ReadProcessMemory or WriteProcessMemory request was completed. (0x12B)
[0623/185357.443:WARNING:pe_image_reader.cc(340)] could not read dos header from C:\WINDOWS\SYSTEM32\Secur32.dll
[0623/185357.443:ERROR:process_memory_win.cc(73)] ReadMemory at 0x7ff85eda0000 of 64 bytes failed: Only part of a ReadProcessMemory or WriteProcessMemory request was completed. (0x12B)
[0623/185357.443:WARNING:pe_image_reader.cc(340)] could not read dos header from C:\WINDOWS\SYSTEM32\USERENV.dll
[0623/185357.444:ERROR:process_memory_win.cc(73)] ReadMemory at 0x7ff85eeb0000 of 64 bytes failed: Only part of a ReadProcessMemory or WriteProcessMemory request was completed. (0x12B)
[0623/185357.444:WARNING:pe_image_reader.cc(340)] could not read dos header from C:\WINDOWS\System32\profapi.dll
[0623/185357.444:ERROR:process_memory_win.cc(73)] ReadMemory at 0x7ff831ff0000 of 64 bytes failed: Only part of a ReadProcessMemory or WriteProcessMemory request was completed. (0x12B)
[0623/185357.444:WARNING:pe_image_reader.cc(340)] could not read dos header from C:\WINDOWS\SYSTEM32\UIAutomationCore.DLL
[0623/185357.444:ERROR:process_memory_win.cc(73)] ReadMemory at 0x7ff84dba0000 of 64 bytes failed: Only part of a ReadProcessMemory or WriteProcessMemory request was completed. (0x12B)
[0623/185357.444:WARNING:pe_image_reader.cc(340)] could not read dos header from C:\WINDOWS\SYSTEM32\DWrite.dll
[0623/185357.444:ERROR:process_memory_win.cc(73)] ReadMemory at 0x7ff8578e0000 of 64 bytes failed: Only part of a ReadProcessMemory or WriteProcessMemory request was completed. (0x12B)
[0623/185357.444:WARNING:pe_image_reader.cc(340)] could not read dos header from C:\WINDOWS\SYSTEM32\WINSPOOL.DRV
[0623/185357.444:ERROR:process_memory_win.cc(73)] ReadMemory at 0x7ff85ee90000 of 64 bytes failed: Only part of a ReadProcessMemory or WriteProcessMemory request was completed. (0x12B)
[0623/185357.444:WARNING:pe_image_reader.cc(340)] could not read dos header from C:\WINDOWS\System32\kernel.appcore.dll
[0623/185357.444:ERROR:process_memory_win.cc(73)] ReadMemory at 0x7ff85fac0000 of 64 bytes failed: Only part of a ReadProcessMemory or WriteProcessMemory request was completed. (0x12B)
[0623/185357.444:WARNING:pe_image_reader.cc(340)] could not read dos header from C:\WINDOWS\System32\bcrypt.dll
[0623/185357.444:ERROR:process_memory_win.cc(73)] ReadMemory at 0x7ff85d7b0000 of 64 bytes failed: Only part of a ReadProcessMemory or WriteProcessMemory request was completed. (0x12B)
[0623/185357.444:WARNING:pe_image_reader.cc(340)] could not read dos header from C:\WINDOWS\SYSTEM32\dbghelp.dll
[0623/185357.444:ERROR:process_memory_win.cc(73)] ReadMemory at 0x7ff8517a0000 of 64 bytes failed: Only part of a ReadProcessMemory or WriteProcessMemory request was completed. (0x12B)
[0623/185357.444:WARNING:pe_image_reader.cc(340)] could not read dos header from C:\WINDOWS\SYSTEM32\WINHTTP.dll
[0623/185357.444:ERROR:process_memory_win.cc(73)] ReadMemory at 0x7ff8582a0000 of 64 bytes failed: Only part of a ReadProcessMemory or WriteProcessMemory request was completed. (0x12B)
[0623/185357.444:WARNING:pe_image_reader.cc(340)] could not read dos header from C:\WINDOWS\SYSTEM32\dhcpcsvc.DLL
[0623/185357.446:ERROR:process_memory_win.cc(73)] ReadMemory at 0x7ff8604f0000 of 64 bytes failed: Only part of a ReadProcessMemory or WriteProcessMemory request was completed. (0x12B)
[0623/185357.446:WARNING:pe_image_reader.cc(340)] could not read dos header from C:\WINDOWS\System32\NSI.dll
[0623/185357.446:ERROR:process_memory_win.cc(73)] ReadMemory at 0x7ff85bfd0000 of 64 bytes failed: Only part of a ReadProcessMemory or WriteProcessMemory request was completed. (0x12B)
[0623/185357.446:WARNING:pe_image_reader.cc(340)] could not read dos header from C:\WINDOWS\SYSTEM32\WINMMBASE.dll
[0623/185357.446:ERROR:process_memory_win.cc(73)] ReadMemory at 0x7ff85f840000 of 64 bytes failed: Only part of a ReadProcessMemory or WriteProcessMemory request was completed. (0x12B)
[0623/185357.446:WARNING:pe_image_reader.cc(340)] could not read dos header from C:\WINDOWS\System32\cfgmgr32.dll
[0623/185357.446:ERROR:process_memory_win.cc(73)] ReadMemory at 0x7ff85d540000 of 64 bytes failed: Only part of a ReadProcessMemory or WriteProcessMemory request was completed. (0x12B)
[0623/185357.446:WARNING:pe_image_reader.cc(340)] could not read dos header from C:\WINDOWS\SYSTEM32\PROPSYS.dll
[0623/185357.447:ERROR:process_memory_win.cc(73)] ReadMemory at 0x7ff8610a0000 of 64 bytes failed: Only part of a ReadProcessMemory or WriteProcessMemory request was completed. (0x12B)
[0623/185357.447:WARNING:pe_image_reader.cc(340)] could not read dos header from C:\WINDOWS\System32\shcore.dll
[0623/185357.447:ERROR:process_memory_win.cc(73)] ReadMemory at 0x7ff85ed70000 of 64 bytes failed: Only part of a ReadProcessMemory or WriteProcessMemory request was completed. (0x12B)
[0623/185357.447:WARNING:pe_image_reader.cc(340)] could not read dos header from C:\WINDOWS\SYSTEM32\SSPICLI.DLL
[0623/185357.447:ERROR:process_memory_win.cc(73)] ReadMemory at 0x7ff85e7c0000 of 64 bytes failed: Only part of a ReadProcessMemory or WriteProcessMemory request was completed. (0x12B)
[0623/185357.447:WARNING:pe_image_reader.cc(340)] could not read dos header from C:\WINDOWS\SYSTEM32\CRYPTBASE.DLL
[0623/185358.001:ERROR:process_memory_win.cc(73)] ReadMemory at 0xf6999f4000 of 49152 bytes failed: Only part of a ReadProcessMemory or WriteProcessMemory request was completed. (0x12B)
[0623/185358.001:ERROR:process_memory_win.cc(73)] ReadMemory at 0xf69a1fd000 of 12288 bytes failed: Only part of a ReadProcessMemory or WriteProcessMemory request was completed. (0x12B)
[0623/185358.001:ERROR:process_memory_win.cc(73)] ReadMemory at 0xf69a9f6000 of 40960 bytes failed: Only part of a ReadProcessMemory or WriteProcessMemory request was completed. (0x12B)
[0623/185358.001:ERROR:process_memory_win.cc(73)] ReadMemory at 0xf69b1fc000 of 16384 bytes failed: Only part of a ReadProcessMemory or WriteProcessMemory request was completed. (0x12B)
[0623/185358.001:ERROR:process_memory_win.cc(73)] ReadMemory at 0xf69b9fc000 of 16384 bytes failed: Only part of a ReadProcessMemory or WriteProcessMemory request was completed. (0x12B)
[0623/185358.001:ERROR:process_memory_win.cc(73)] ReadMemory at 0xf69c1ff000 of 4096 bytes failed: Only part of a ReadProcessMemory or WriteProcessMemory request was completed. (0x12B)
[0623/185358.001:ERROR:process_memory_win.cc(73)] ReadMemory at 0xf69c9fd000 of 12288 bytes failed: Only part of a ReadProcessMemory or WriteProcessMemory request was completed. (0x12B)
[0623/185358.001:ERROR:process_memory_win.cc(73)] ReadMemory at 0xf69d1fb000 of 20480 bytes failed: Only part of a ReadProcessMemory or WriteProcessMemory request was completed. (0x12B)
[0623/185358.001:ERROR:process_memory_win.cc(73)] ReadMemory at 0xf69e1fd000 of 12288 bytes failed: Only part of a ReadProcessMemory or WriteProcessMemory request was completed. (0x12B)
[0623/185358.001:ERROR:process_memory_win.cc(73)] ReadMemory at 0xf69e9fd000 of 12288 bytes failed: Only part of a ReadProcessMemory or WriteProcessMemory request was completed. (0x12B)
[0623/185358.001:ERROR:process_memory_win.cc(73)] ReadMemory at 0xf69f1fd000 of 12288 bytes failed: Only part of a ReadProcessMemory or WriteProcessMemory request was completed. (0x12B)
[0623/185358.001:ERROR:process_memory_win.cc(73)] ReadMemory at 0xf69f9fd000 of 12288 bytes failed: Only part of a ReadProcessMemory or WriteProcessMemory request was completed. (0x12B)
[0623/185358.001:ERROR:process_memory_win.cc(73)] ReadMemory at 0xf6a01fd000 of 12288 bytes failed: Only part of a ReadProcessMemory or WriteProcessMemory request was completed. (0x12B)
[0623/185358.001:ERROR:process_memory_win.cc(73)] ReadMemory at 0xf6a09fd000 of 12288 bytes failed: Only part of a ReadProcessMemory or WriteProcessMemory request was completed. (0x12B)
[0623/185358.002:ERROR:process_memory_win.cc(73)] ReadMemory at 0xf6a11fc000 of 16384 bytes failed: Only part of a ReadProcessMemory or WriteProcessMemory request was completed. (0x12B)
[0623/185358.002:ERROR:process_memory_win.cc(73)] ReadMemory at 0xf6a19fc000 of 16384 bytes failed: Only part of a ReadProcessMemory or WriteProcessMemory request was completed. (0x12B)
[0623/185358.002:ERROR:process_memory_win.cc(73)] ReadMemory at 0xf6a21fc000 of 16384 bytes failed: Only part of a ReadProcessMemory or WriteProcessMemory request was completed. (0x12B)
[0623/185358.002:ERROR:process_memory_win.cc(73)] ReadMemory at 0xf6a29fc000 of 16384 bytes failed: Only part of a ReadProcessMemory or WriteProcessMemory request was completed. (0x12B)
[0623/185358.002:ERROR:process_memory_win.cc(73)] ReadMemory at 0xf6a31fc000 of 16384 bytes failed: Only part of a ReadProcessMemory or WriteProcessMemory request was completed. (0x12B)
[0623/185358.002:ERROR:process_memory_win.cc(73)] ReadMemory at 0xf6a39fd000 of 12288 bytes failed: Only part of a ReadProcessMemory or WriteProcessMemory request was completed. (0x12B)
[0623/185358.002:ERROR:process_memory_win.cc(73)] ReadMemory at 0xf69d9fe000 of 8192 bytes failed: Only part of a ReadProcessMemory or WriteProcessMemory request was completed. (0x12B)
[0623/185358.002:ERROR:process_memory_win.cc(73)] ReadMemory at 0xf699174000 of 852 bytes failed: Only part of a ReadProcessMemory or WriteProcessMemory request was completed. (0x12B)
[0623/185358.002:ERROR:process_memory_win.cc(73)] ReadMemory at 0xf699175000 of 6024 bytes failed: Only part of a ReadProcessMemory or WriteProcessMemory request was completed. (0x12B)
[0623/185358.002:ERROR:process_memory_win.cc(73)] ReadMemory at 0xf699177000 of 6024 bytes failed: Only part of a ReadProcessMemory or WriteProcessMemory request was completed. (0x12B)
[0623/185358.002:ERROR:process_memory_win.cc(73)] ReadMemory at 0xf699179000 of 6024 bytes failed: Only part of a ReadProcessMemory or WriteProcessMemory request was completed. (0x12B)
[0623/185358.002:ERROR:process_memory_win.cc(73)] ReadMemory at 0xf69917b000 of 6024 bytes failed: Only part of a ReadProcessMemory or WriteProcessMemory request was completed. (0x12B)
[0623/185358.002:ERROR:process_memory_win.cc(73)] ReadMemory at 0xf69917d000 of 6024 bytes failed: Only part of a ReadProcessMemory or WriteProcessMemory request was completed. (0x12B)
[0623/185358.002:ERROR:process_memory_win.cc(73)] ReadMemory at 0xf69917f000 of 6024 bytes failed: Only part of a ReadProcessMemory or WriteProcessMemory request was completed. (0x12B)
[0623/185358.003:ERROR:process_memory_win.cc(73)] ReadMemory at 0xf699181000 of 6024 bytes failed: Only part of a ReadProcessMemory or WriteProcessMemory request was completed. (0x12B)
[0623/185358.003:ERROR:process_memory_win.cc(73)] ReadMemory at 0xf699183000 of 6024 bytes failed: Only part of a ReadProcessMemory or WriteProcessMemory request was completed. (0x12B)
[0623/185358.003:ERROR:process_memory_win.cc(73)] ReadMemory at 0xf699187000 of 6024 bytes failed: Only part of a ReadProcessMemory or WriteProcessMemory request was completed. (0x12B)
[0623/185358.003:ERROR:process_memory_win.cc(73)] ReadMemory at 0xf699189000 of 6024 bytes failed: Only part of a ReadProcessMemory or WriteProcessMemory request was completed. (0x12B)
[0623/185358.003:ERROR:process_memory_win.cc(73)] ReadMemory at 0xf69918b000 of 6024 bytes failed: Only part of a ReadProcessMemory or WriteProcessMemory request was completed. (0x12B)
[0623/185358.003:ERROR:process_memory_win.cc(73)] ReadMemory at 0xf69918d000 of 6024 bytes failed: Only part of a ReadProcessMemory or WriteProcessMemory request was completed. (0x12B)
[0623/185358.003:ERROR:process_memory_win.cc(73)] ReadMemory at 0xf69918f000 of 6024 bytes failed: Only part of a ReadProcessMemory or WriteProcessMemory request was completed. (0x12B)
[0623/185358.003:ERROR:process_memory_win.cc(73)] ReadMemory at 0xf699191000 of 6024 bytes failed: Only part of a ReadProcessMemory or WriteProcessMemory request was completed. (0x12B)
[0623/185358.003:ERROR:process_memory_win.cc(73)] ReadMemory at 0xf699193000 of 6024 bytes failed: Only part of a ReadProcessMemory or WriteProcessMemory request was completed. (0x12B)
[0623/185358.003:ERROR:process_memory_win.cc(73)] ReadMemory at 0xf699195000 of 6024 bytes failed: Only part of a ReadProcessMemory or WriteProcessMemory request was completed. (0x12B)
[0623/185358.003:ERROR:process_memory_win.cc(73)] ReadMemory at 0xf699197000 of 6024 bytes failed: Only part of a ReadProcessMemory or WriteProcessMemory request was completed. (0x12B)
[0623/185358.003:ERROR:process_memory_win.cc(73)] ReadMemory at 0xf699199000 of 6024 bytes failed: Only part of a ReadProcessMemory or WriteProcessMemory request was completed. (0x12B)
[0623/185358.003:ERROR:process_memory_win.cc(73)] ReadMemory at 0xf69919b000 of 6024 bytes failed: Only part of a ReadProcessMemory or WriteProcessMemory request was completed. (0x12B)
[0623/185358.003:ERROR:process_memory_win.cc(73)] ReadMemory at 0xf69919d000 of 6024 bytes failed: Only part of a ReadProcessMemory or WriteProcessMemory request was completed. (0x12B)
[0623/185358.003:ERROR:process_memory_win.cc(73)] ReadMemory at 0xf69919f000 of 6024 bytes failed: Only part of a ReadProcessMemory or WriteProcessMemory request was completed. (0x12B)
[0623/185358.003:ERROR:process_memory_win.cc(73)] ReadMemory at 0x2131f560750 of 80 bytes failed: Only part of a ReadProcessMemory or WriteProcessMemory request was completed. (0x12B)
[0623/185358.178:ERROR:process_memory_win.cc(73)] ReadMemory at 0x2131f560fe0 of 16606 bytes failed: Only part of a ReadProcessMemory or WriteProcessMemory request was completed. (0x12B)
[0623/185358.633:ERROR:process_memory_win.cc(73)] ReadMemory at 0x2131f5650d0 of 1012 bytes failed: Only part of a ReadProcessMemory or WriteProcessMemory request was completed. (0x12B)
[0623/185358.633:ERROR:process_memory_win.cc(73)] ReadMemory at 0x2131f565718 of 118 bytes failed: Only part of a ReadProcessMemory or WriteProcessMemory request was completed. (0x12B)
[0623/185358.634:ERROR:process_memory_win.cc(73)] ReadMemory at 0x2131f565790 of 758 bytes failed: Only part of a ReadProcessMemory or WriteProcessMemory request was completed. (0x12B)
[0623/185358.634:ERROR:process_memory_win.cc(73)] ReadMemory at 0x2131f565a88 of 118 bytes failed: Only part of a ReadProcessMemory or WriteProcessMemory request was completed. (0x12B)
[0623/185358.634:ERROR:process_memory_win.cc(73)] ReadMemory at 0x2131f565b00 of 96 bytes failed: Only part of a ReadProcessMemory or WriteProcessMemory request was completed. (0x12B)
[0623/185358.634:ERROR:process_memory_win.cc(73)] ReadMemory at 0x2131f565b70 of 58 bytes failed: Only part of a ReadProcessMemory or WriteProcessMemory request was completed. (0x12B)
[0623/185358.635:ERROR:process_memory_win.cc(73)] ReadMemory at 0x2131f565c70 of 132 bytes failed: Only part of a ReadProcessMemory or WriteProcessMemory request was completed. (0x12B)
[0623/185358.635:ERROR:process_memory_win.cc(73)] ReadMemory at 0x2131f565e00 of 132 bytes failed: Only part of a ReadProcessMemory or WriteProcessMemory request was completed. (0x12B)
[0623/185358.635:ERROR:process_memory_win.cc(73)] ReadMemory at 0x2131f565fc0 of 126 bytes failed: Only part of a ReadProcessMemory or WriteProcessMemory request was completed. (0x12B)
[0623/185358.635:ERROR:process_memory_win.cc(73)] ReadMemory at 0x2131f5663a0 of 132 bytes failed: Only part of a ReadProcessMemory or WriteProcessMemory request was completed. (0x12B)
[0623/185358.636:ERROR:process_memory_win.cc(73)] ReadMemory at 0x2131f566530 of 64 bytes failed: Only part of a ReadProcessMemory or WriteProcessMemory request was completed. (0x12B)
[0623/185358.636:ERROR:process_memory_win.cc(73)] ReadMemory at 0x2131f566580 of 132 bytes failed: Only part of a ReadProcessMemory or WriteProcessMemory request was completed. (0x12B)
[0623/185358.796:ERROR:process_memory_win.cc(73)] ReadMemory at 0x2131f5666f0 of 132 bytes failed: Only part of a ReadProcessMemory or WriteProcessMemory request was completed. (0x12B)
[0623/185358.796:ERROR:process_memory_win.cc(73)] ReadMemory at 0x2131f566990 of 132 bytes failed: Only part of a ReadProcessMemory or WriteProcessMemory request was completed. (0x12B)
[0623/185358.797:ERROR:process_memory_win.cc(73)] ReadMemory at 0x2131f566b20 of 68 bytes failed: Only part of a ReadProcessMemory or WriteProcessMemory request was completed. (0x12B)
[0623/185358.797:ERROR:process_memory_win.cc(73)] ReadMemory at 0x2131f567b10 of 146 bytes failed: Only part of a ReadProcessMemory or WriteProcessMemory request was completed. (0x12B)
[0623/185358.797:ERROR:process_memory_win.cc(73)] ReadMemory at 0x2131f567bf0 of 132 bytes failed: Only part of a ReadProcessMemory or WriteProcessMemory request was completed. (0x12B)
[0623/185358.797:ERROR:process_memory_win.cc(73)] ReadMemory at 0x2131f567d80 of 154 bytes failed: Only part of a ReadProcessMemory or WriteProcessMemory request was completed. (0x12B)
[0623/185358.893:ERROR:process_memory_win.cc(73)] ReadMemory at 0x2131f569aa0 of 62 bytes failed: Only part of a ReadProcessMemory or WriteProcessMemory request was completed. (0x12B)
[0623/185358.893:ERROR:process_memory_win.cc(73)] ReadMemory at 0x2131f569bd0 of 132 bytes failed: Only part of a ReadProcessMemory or WriteProcessMemory request was completed. (0x12B)
[0623/185358.894:ERROR:process_memory_win.cc(73)] ReadMemory at 0x2131f569d60 of 60 bytes failed: Only part of a ReadProcessMemory or WriteProcessMemory request was completed. (0x12B)
[0623/185358.894:ERROR:process_memory_win.cc(73)] ReadMemory at 0x2131f56ac20 of 132 bytes failed: Only part of a ReadProcessMemory or WriteProcessMemory request was completed. (0x12B)
[0623/185358.894:ERROR:process_memory_win.cc(73)] ReadMemory at 0x2131f56ae40 of 132 bytes failed: Only part of a ReadProcessMemory or WriteProcessMemory request was completed. (0x12B)
[0623/185358.895:ERROR:process_memory_win.cc(73)] ReadMemory at 0x2131f56b1a0 of 132 bytes failed: Only part of a ReadProcessMemory or WriteProcessMemory request was completed. (0x12B)
[0623/185358.895:ERROR:process_memory_win.cc(73)] ReadMemory at 0x2131f56b3d0 of 132 bytes failed: Only part of a ReadProcessMemory or WriteProcessMemory request was completed. (0x12B)
[0623/185358.895:ERROR:process_memory_win.cc(73)] ReadMemory at 0x2131f56e3c0 of 60 bytes failed: Only part of a ReadProcessMemory or WriteProcessMemory request was completed. (0x12B)
[0623/185358.895:ERROR:process_memory_win.cc(73)] ReadMemory at 0x2131f56e410 of 60 bytes failed: Only part of a ReadProcessMemory or WriteProcessMemory request was completed. (0x12B)
[0623/185358.896:ERROR:process_memory_win.cc(73)] ReadMemory at 0x2131f56e460 of 64 bytes failed: Only part of a ReadProcessMemory or WriteProcessMemory request was completed. (0x12B)
[0623/185358.896:ERROR:process_memory_win.cc(73)] ReadMemory at 0x2131f56e500 of 66 bytes failed: Only part of a ReadProcessMemory or WriteProcessMemory request was completed. (0x12B)
[0623/185358.896:ERROR:process_memory_win.cc(73)] ReadMemory at 0x2131f56e5a0 of 64 bytes failed: Only part of a ReadProcessMemory or WriteProcessMemory request was completed. (0x12B)
[0623/185358.897:ERROR:process_memory_win.cc(73)] ReadMemory at 0x2131f56e5f0 of 62 bytes failed: Only part of a ReadProcessMemory or WriteProcessMemory request was completed. (0x12B)
[0623/185358.897:ERROR:process_memory_win.cc(73)] ReadMemory at 0x2131f56e640 of 64 bytes failed: Only part of a ReadProcessMemory or WriteProcessMemory request was completed. (0x12B)
[0623/185358.897:ERROR:process_memory_win.cc(73)] ReadMemory at 0x2131f56e6e0 of 62 bytes failed: Only part of a ReadProcessMemory or WriteProcessMemory request was completed. (0x12B)
[0623/185358.898:ERROR:process_memory_win.cc(73)] ReadMemory at 0x2131f56e730 of 64 bytes failed: Only part of a ReadProcessMemory or WriteProcessMemory request was completed. (0x12B)
[0623/185358.898:ERROR:process_memory_win.cc(73)] ReadMemory at 0x2131f56ede0 of 80 bytes failed: Only part of a ReadProcessMemory or WriteProcessMemory request was completed. (0x12B)
[0623/185358.955:ERROR:process_memory_win.cc(73)] ReadMemory at 0x2131f56f9e0 of 76 bytes failed: Only part of a ReadProcessMemory or WriteProcessMemory request was completed. (0x12B)
[0623/185358.955:ERROR:process_memory_win.cc(73)] ReadMemory at 0x2131f56fb40 of 62 bytes failed: Only part of a ReadProcessMemory or WriteProcessMemory request was completed. (0x12B)
[0623/185358.956:ERROR:process_memory_win.cc(73)] ReadMemory at 0x2131f56fb90 of 64 bytes failed: Only part of a ReadProcessMemory or WriteProcessMemory request was completed. (0x12B)
[0623/185358.956:ERROR:process_memory_win.cc(73)] ReadMemory at 0x2131f56fbe0 of 60 bytes failed: Only part of a ReadProcessMemory or WriteProcessMemory request was completed. (0x12B)
[0623/185358.956:ERROR:process_memory_win.cc(73)] ReadMemory at 0x2131f56fcd0 of 62 bytes failed: Only part of a ReadProcessMemory or WriteProcessMemory request was completed. (0x12B)
[0623/185358.956:ERROR:process_memory_win.cc(73)] ReadMemory at 0x2131f56ff00 of 62 bytes failed: Only part of a ReadProcessMemory or WriteProcessMemory request was completed. (0x12B)
[0623/185358.957:ERROR:process_memory_win.cc(73)] ReadMemory at 0x2131f56ffa0 of 64 bytes failed: Only part of a ReadProcessMemory or WriteProcessMemory request was completed. (0x12B)
[0623/185358.957:ERROR:process_memory_win.cc(73)] ReadMemory at 0x2131f56fff0 of 62 bytes failed: Only part of a ReadProcessMemory or WriteProcessMemory request was completed. (0x12B)
[0623/185358.957:ERROR:process_memory_win.cc(73)] ReadMemory at 0x2131f5701d0 of 60 bytes failed: Only part of a ReadProcessMemory or WriteProcessMemory request was completed. (0x12B)
[0623/185358.958:ERROR:process_memory_win.cc(73)] ReadMemory at 0x2131f570360 of 64 bytes failed: Only part of a ReadProcessMemory or WriteProcessMemory request was completed. (0x12B)
[0623/185359.027:ERROR:process_memory_win.cc(73)] ReadMemory at 0x2131f570400 of 62 bytes failed: Only part of a ReadProcessMemory or WriteProcessMemory request was completed. (0x12B)
[0623/185359.609:ERROR:process_memory_win.cc(73)] ReadMemory at 0x2131f570450 of 58 bytes failed: Only part of a ReadProcessMemory or WriteProcessMemory request was completed. (0x12B)
[0623/185359.609:ERROR:process_memory_win.cc(73)] ReadMemory at 0x2131f5704a0 of 60 bytes failed: Only part of a ReadProcessMemory or WriteProcessMemory request was completed. (0x12B)
[0623/185359.609:ERROR:process_memory_win.cc(73)] ReadMemory at 0x2131f5704f0 of 62 bytes failed: Only part of a ReadProcessMemory or WriteProcessMemory request was completed. (0x12B)
[0623/185359.610:ERROR:process_memory_win.cc(73)] ReadMemory at 0x2131f570540 of 62 bytes failed: Only part of a ReadProcessMemory or WriteProcessMemory request was completed. (0x12B)
[0623/185359.610:ERROR:process_memory_win.cc(73)] ReadMemory at 0x2131f5705e0 of 64 bytes failed: Only part of a ReadProcessMemory or WriteProcessMemory request was completed. (0x12B)
[0623/185359.610:ERROR:process_memory_win.cc(73)] ReadMemory at 0x2131f570630 of 62 bytes failed: Only part of a ReadProcessMemory or WriteProcessMemory request was completed. (0x12B)
[0623/185359.611:ERROR:process_memory_win.cc(73)] ReadMemory at 0x2131f570810 of 66 bytes failed: Only part of a ReadProcessMemory or WriteProcessMemory request was completed. (0x12B)
[0623/185359.611:ERROR:process_memory_win.cc(73)] ReadMemory at 0x2131f570950 of 60 bytes failed: Only part of a ReadProcessMemory or WriteProcessMemory request was completed. (0x12B)
[0623/185359.611:ERROR:process_memory_win.cc(73)] ReadMemory at 0x2131f574830 of 54 bytes failed: Only part of a ReadProcessMemory or WriteProcessMemory request was completed. (0x12B)
[0623/185359.611:ERROR:process_memory_win.cc(73)] ReadMemory at 0x2131f574d30 of 132 bytes failed: Only part of a ReadProcessMemory or WriteProcessMemory request was completed. (0x12B)
[0623/185359.612:ERROR:process_memory_win.cc(73)] ReadMemory at 0x2131f575080 of 132 bytes failed: Only part of a ReadProcessMemory or WriteProcessMemory request was completed. (0x12B)
[0623/185359.740:ERROR:process_memory_win.cc(73)] ReadMemory at 0x2131f575300 of 132 bytes failed: Only part of a ReadProcessMemory or WriteProcessMemory request was completed. (0x12B)
[0623/185359.740:ERROR:process_memory_win.cc(73)] ReadMemory at 0x2131f575ad0 of 132 bytes failed: Only part of a ReadProcessMemory or WriteProcessMemory request was completed. (0x12B)
[0623/185359.793:ERROR:process_memory_win.cc(73)] ReadMemory at 0x2131f5762c0 of 132 bytes failed: Only part of a ReadProcessMemory or WriteProcessMemory request was completed. (0x12B)
[0623/185359.793:ERROR:process_memory_win.cc(73)] ReadMemory at 0x2131f579a40 of 132 bytes failed: Only part of a ReadProcessMemory or WriteProcessMemory request was completed. (0x12B)
[0623/185359.793:ERROR:process_memory_win.cc(73)] ReadMemory at 0x2131f579b70 of 132 bytes failed: Only part of a ReadProcessMemory or WriteProcessMemory request was completed. (0x12B)
[0623/185359.793:ERROR:process_memory_win.cc(73)] ReadMemory at 0x2131f579ca0 of 132 bytes failed: Only part of a ReadProcessMemory or WriteProcessMemory request was completed. (0x12B)
[0623/185359.794:ERROR:process_memory_win.cc(73)] ReadMemory at 0x2131f579dd0 of 132 bytes failed: Only part of a ReadProcessMemory or WriteProcessMemory request was completed. (0x12B)
[0623/185359.794:ERROR:process_memory_win.cc(73)] ReadMemory at 0x2131f579f00 of 132 bytes failed: Only part of a ReadProcessMemory or WriteProcessMemory request was completed. (0x12B)
[0623/185359.802:ERROR:process_memory_win.cc(73)] ReadMemory at 0x2131f57a160 of 132 bytes failed: Only part of a ReadProcessMemory or WriteProcessMemory request was completed. (0x12B)
[0623/185359.813:ERROR:process_memory_win.cc(73)] ReadMemory at 0x2131f57a290 of 132 bytes failed: Only part of a ReadProcessMemory or WriteProcessMemory request was completed. (0x12B)
[0623/185359.813:ERROR:process_memory_win.cc(73)] ReadMemory at 0x2131f57a3c0 of 132 bytes failed: Only part of a ReadProcessMemory or WriteProcessMemory request was completed. (0x12B)
[0623/185359.828:ERROR:process_memory_win.cc(73)] ReadMemory at 0x2131f57a4f0 of 132 bytes failed: Only part of a ReadProcessMemory or WriteProcessMemory request was completed. (0x12B)
[0623/185359.829:ERROR:process_memory_win.cc(73)] ReadMemory at 0x2131f57a620 of 132 bytes failed: Only part of a ReadProcessMemory or WriteProcessMemory request was completed. (0x12B)
[0623/185359.829:ERROR:process_memory_win.cc(73)] ReadMemory at 0x2131f57a750 of 132 bytes failed: Only part of a ReadProcessMemory or WriteProcessMemory request was completed. (0x12B)
[0623/185359.829:ERROR:process_memory_win.cc(73)] ReadMemory at 0x2131f57a880 of 132 bytes failed: Only part of a ReadProcessMemory or WriteProcessMemory request was completed. (0x12B)
[0623/185359.829:ERROR:process_memory_win.cc(73)] ReadMemory at 0x2131f57af80 of 132 bytes failed: Only part of a ReadProcessMemory or WriteProcessMemory request was completed. (0x12B)
[0623/185359.830:ERROR:process_memory_win.cc(73)] ReadMemory at 0x2131f57b900 of 132 bytes failed: Only part of a ReadProcessMemory or WriteProcessMemory request was completed. (0x12B)
[0623/185359.830:ERROR:process_memory_win.cc(73)] ReadMemory at 0x2131f57ba30 of 132 bytes failed: Only part of a ReadProcessMemory or WriteProcessMemory request was completed. (0x12B)
[0623/185359.830:ERROR:process_memory_win.cc(73)] ReadMemory at 0x2131f57bc90 of 132 bytes failed: Only part of a ReadProcessMemory or WriteProcessMemory request was completed. (0x12B)
[0623/185359.830:ERROR:process_memory_win.cc(73)] ReadMemory at 0x2131f57bdc0 of 132 bytes failed: Only part of a ReadProcessMemory or WriteProcessMemory request was completed. (0x12B)
[0623/185359.842:ERROR:process_memory_win.cc(73)] ReadMemory at 0x2131f57c020 of 132 bytes failed: Only part of a ReadProcessMemory or WriteProcessMemory request was completed. (0x12B)
[0623/185359.842:ERROR:process_memory_win.cc(73)] ReadMemory at 0x2131f57c4e0 of 132 bytes failed: Only part of a ReadProcessMemory or WriteProcessMemory request was completed. (0x12B)
[0623/185359.843:ERROR:process_memory_win.cc(73)] ReadMemory at 0x2131f57c740 of 132 bytes failed: Only part of a ReadProcessMemory or WriteProcessMemory request was completed. (0x12B)
[0623/185359.843:ERROR:process_memory_win.cc(73)] ReadMemory at 0x2131f57c870 of 132 bytes failed: Only part of a ReadProcessMemory or WriteProcessMemory request was completed. (0x12B)
[0623/185359.843:ERROR:process_memory_win.cc(73)] ReadMemory at 0x2131f57cad0 of 132 bytes failed: Only part of a ReadProcessMemory or WriteProcessMemory request was completed. (0x12B)
[0623/185359.843:ERROR:process_memory_win.cc(73)] ReadMemory at 0x2131f592380 of 512 bytes failed: Only part of a ReadProcessMemory or WriteProcessMemory request was completed. (0x12B)
[0623/185359.844:ERROR:process_memory_win.cc(73)] ReadMemory at 0x2131f593130 of 512 bytes failed: Only part of a ReadProcessMemory or WriteProcessMemory request was completed. (0x12B)
[0623/185359.844:ERROR:process_memory_win.cc(73)] ReadMemory at 0x2132005ff80 of 512 bytes failed: Only part of a ReadProcessMemory or WriteProcessMemory request was completed. (0x12B)
[0623/185359.844:ERROR:process_memory_win.cc(73)] ReadMemory at 0x21320070000 of 384 bytes failed: Only part of a ReadProcessMemory or WriteProcessMemory request was completed. (0x12B)
[0623/185359.845:ERROR:process_memory_win.cc(73)] ReadMemory at 0x213200b0478 of 512 bytes failed: Only part of a ReadProcessMemory or WriteProcessMemory request was completed. (0x12B)
[0623/185359.845:ERROR:process_memory_win.cc(73)] ReadMemory at 0x213200b2880 of 512 bytes failed: Only part of a ReadProcessMemory or WriteProcessMemory request was completed. (0x12B)
[0623/185359.845:ERROR:process_memory_win.cc(73)] ReadMemory at 0x213200c4400 of 712 bytes failed: Only part of a ReadProcessMemory or WriteProcessMemory request was completed. (0x12B)
[0623/185359.846:ERROR:process_memory_win.cc(73)] ReadMemory at 0x213200d6810 of 512 bytes failed: Only part of a ReadProcessMemory or WriteProcessMemory request was completed. (0x12B)
[0623/185359.846:ERROR:process_memory_win.cc(73)] ReadMemory at 0x21320131720 of 512 bytes failed: Only part of a ReadProcessMemory or WriteProcessMemory request was completed. (0x12B)
[0623/185359.846:ERROR:process_memory_win.cc(73)] ReadMemory at 0x21320141310 of 512 bytes failed: Only part of a ReadProcessMemory or WriteProcessMemory request was completed. (0x12B)
[0623/185359.846:ERROR:process_memory_win.cc(73)] ReadMemory at 0x213216c0000 of 384 bytes failed: Only part of a ReadProcessMemory or WriteProcessMemory request was completed. (0x12B)
[0623/185359.847:ERROR:process_memory_win.cc(73)] ReadMemory at 0x2132172c930 of 512 bytes failed: Only part of a ReadProcessMemory or WriteProcessMemory request was completed. (0x12B)
[0623/185359.847:ERROR:process_memory_win.cc(73)] ReadMemory at 0x2132172cee0 of 512 bytes failed: Only part of a ReadProcessMemory or WriteProcessMemory request was completed. (0x12B)
[0623/185359.847:ERROR:process_memory_win.cc(73)] ReadMemory at 0x21321768af0 of 512 bytes failed: Only part of a ReadProcessMemory or WriteProcessMemory request was completed. (0x12B)
[0623/185359.847:ERROR:process_memory_win.cc(73)] ReadMemory at 0x2132186db81 of 512 bytes failed: Only part of a ReadProcessMemory or WriteProcessMemory request was completed. (0x12B)
[0623/185359.847:ERROR:process_memory_win.cc(73)] ReadMemory at 0x21327cf40e8 of 512 bytes failed: Only part of a ReadProcessMemory or WriteProcessMemory request was completed. (0x12B)
[0623/185359.848:ERROR:process_memory_win.cc(73)] ReadMemory at 0x21328a3e000 of 400 bytes failed: Only part of a ReadProcessMemory or WriteProcessMemory request was completed. (0x12B)
[0623/185359.848:ERROR:process_memory_win.cc(73)] ReadMemory at 0x21328a45a30 of 528 bytes failed: Only part of a ReadProcessMemory or WriteProcessMemory request was completed. (0x12B)
[0623/185359.848:ERROR:process_memory_win.cc(73)] ReadMemory at 0x21329a1d558 of 512 bytes failed: Only part of a ReadProcessMemory or WriteProcessMemory request was completed. (0x12B)
[0623/185359.848:ERROR:process_memory_win.cc(73)] ReadMemory at 0x77d30da3ff80 of 512 bytes failed: Only part of a ReadProcessMemory or WriteProcessMemory request was completed. (0x12B)
[0623/185359.848:ERROR:process_memory_win.cc(73)] ReadMemory at 0x77d31cffff80 of 512 bytes failed: Only part of a ReadProcessMemory or WriteProcessMemory request was completed. (0x12B)
[0623/185359.849:ERROR:process_memory_win.cc(73)] ReadMemory at 0x77d33d878835 of 512 bytes failed: Only part of a ReadProcessMemory or WriteProcessMemory request was completed. (0x12B)
[0623/185359.849:ERROR:process_memory_win.cc(73)] ReadMemory at 0x77d33dd10be0 of 512 bytes failed: Only part of a ReadProcessMemory or WriteProcessMemory request was completed. (0x12B)
[0623/185359.849:ERROR:process_memory_win.cc(73)] ReadMemory at 0x7ff8012b79a5 of 512 bytes failed: Only part of a ReadProcessMemory or WriteProcessMemory request was completed. (0x12B)
[0623/185359.850:ERROR:process_memory_win.cc(73)] ReadMemory at 0x7ff8012b8180 of 512 bytes failed: Only part of a ReadProcessMemory or WriteProcessMemory request was completed. (0x12B)
[0623/185359.850:ERROR:process_memory_win.cc(73)] ReadMemory at 0x7ff86205c074 of 672 bytes failed: Only part of a ReadProcessMemory or WriteProcessMemory request was completed. (0x12B)
[0623/185359.919:ERROR:process_memory_win.cc(73)] ReadMemory at 0x7ff86205f924 of 608 bytes failed: Only part of a ReadProcessMemory or WriteProcessMemory request was completed. (0x12B)
[0623/185359.919:ERROR:process_memory_win.cc(73)] ReadMemory at 0x7ff862065e80 of 512 bytes failed: Only part of a ReadProcessMemory or WriteProcessMemory request was completed. (0x12B)
[0623/185359.919:ERROR:process_memory_win.cc(73)] ReadMemory at 0x7ff8620ec428 of 18 bytes failed: Only part of a ReadProcessMemory or WriteProcessMemory request was completed. (0x12B)
[0623/185359.920:ERROR:process_memory_win.cc(73)] ReadMemory at 0x7ff86211f4f8 of 40 bytes failed: Only part of a ReadProcessMemory or WriteProcessMemory request was completed. (0x12B)
[0623/185359.920:ERROR:process_memory_win.cc(73)] ReadMemory at 0x7ff86211f978 of 48 bytes failed: Only part of a ReadProcessMemory or WriteProcessMemory request was completed. (0x12B)
[0623/185359.921:ERROR:process_memory_win.cc(73)] ReadMemory at 0x7ff8621253c0 of 64 bytes failed: Only part of a ReadProcessMemory or WriteProcessMemory request was completed. (0x12B)
[0623/185359.921:ERROR:process_memory_win.cc(73)] ReadMemory at 0x7ffff985ec30 of 512 bytes failed: Only part of a ReadProcessMemory or WriteProcessMemory request was completed. (0x12B)
[0623/185400.332:ERROR:scoped_process_suspend.cc(40)] NtResumeProcess: An attempt was made to access an exiting process. (0xc000010a)
